-------------------- Log Start | Fri Nov 24 08:10:04 2023 --------------------
data_path: /home/pi/printer_data
is_default_data_path: False
config_file: /home/pi/printer_data/config/moonraker.conf
startup_warnings: []
verbose: False
debug: False
asyncio_debug: False
is_backup_config: False
is_python_package: True
instance_uuid: 6bd1f017229944c081868f98606ac354
unix_socket_path: /home/pi/printer_data/comms/moonraker.sock
software_version: v0.8.0-204-gfb15b2a
git_branch: master
git_remote: origin
git_repo_url: https://github.com/Arksine/moonraker.git
modified_files: []
unofficial_components: []
log_file: /home/pi/printer_data/logs/moonraker.log
python_version: 3.9.2 (default, Mar 12 2021, 04:06:34)  [GCC 10.2.1 20210110]
msgspec_enabled: False
uvloop_enabled: False

#################### Moonraker Configuration ####################

[server]
host = 0.0.0.0
port = 7125
max_upload_size = 1024
klippy_uds_address = ~/printer_data/comms/klippy.sock

[file_manager]
enable_object_processing = False

[authorization]
cors_domains = 
	https://my.mainsail.xyz
	http://my.mainsail.xyz
	http://*.local
	http://*.lan
trusted_clients = 
	10.0.0.0/8
	127.0.0.0/8
	169.254.0.0/16
	172.16.0.0/12
	192.168.0.0/16
	FE80::/10
	::1/128

[octoprint_compat]

[history]

[announcements]
subscriptions = 
	mainsail

[update_manager]
refresh_interval = 168
enable_auto_refresh = True

[update_manager mainsail]
type = web
channel = stable
repo = mainsail-crew/mainsail
path = ~/mainsail

[update_manager mainsail-config]
type = git_repo
primary_branch = master
path = ~/mainsail-config
origin = https://github.com/mainsail-crew/mainsail-config.git
managed_services = klipper

[update_manager crowsnest]
type = git_repo
path = ~/crowsnest
origin = https://github.com/mainsail-crew/crowsnest.git
install_script = tools/pkglist.sh

[update_manager sonar]
type = git_repo
path = ~/sonar
origin = https://github.com/mainsail-crew/sonar.git
primary_branch = main
managed_services = sonar
install_script = tools/install.sh

#################################################################
All Configuration Files:
/home/pi/printer_data/config/moonraker.conf
#################################################################
Unsafe Shutdown Count: 39

System Info:

***python***
  version: (3, 9, 2, 'final', 0)
  version_string: 3.9.2 (default, Mar 12 2021, 04:06:34)  [GCC 10.2.1 20210110]

***cpu_info***
  cpu_count: 4
  bits: 32bit
  processor: armv7l
  cpu_desc: ARMv7 Processor rev 4 (v7l)
  serial_number: d3595bfa
  hardware_desc: BCM2835
  model: Raspberry Pi 3 Model A Plus Rev 1.0
  total_memory: 372016
  memory_units: kB

***sd_info***
  manufacturer_id: 03
  manufacturer: Sandisk
  oem_id: 5344
  product_name: SM32G
  product_revision: 8.0
  serial_number: f8834489
  manufacturer_date: 2/2021
  capacity: 29.7 GiB
  total_bytes: 31914983424

***distribution***
  name: Raspbian GNU/Linux 11 (bullseye)
  id: raspbian
  version: 11
  version_parts: {'major': '11', 'minor': '', 'build_number': ''}
  like: debian
  codename: bullseye
  release_info: {'name': 'MainsailOS', 'version_id': '1.1.1', 'codename': 'bullseye', 'id': 'mainsailos'}

***virtualization***
  virt_type: none
  virt_identifier: none

***network***

***canbus***

***Allowed Services***
  klipper_mcu
  webcamd
  MoonCord
  KlipperScreen
  moonraker-telegram-bot
  moonraker-obico
  sonar
  crowsnest
  octoeverywhere
  ratos-configurator

Systemd unit moonraker.service:
unit_name: moonraker.service
is_default: True
manager: systemd
Properties:
**Requires=['sysinit.target', 'system.slice', 'network-online.target']
**After=['basic.target', 'systemd-journald.socket', 'network-online.target', 'klipper.service', 'system.slice', 'sysinit.target']
**SupplementaryGroups=['moonraker-admin']
**EnvironmentFiles=/home/pi/printer_data/systemd/moonraker.env
**ExecStart=/home/pi/moonraker-env/bin/python $MOONRAKER_ARGS
**WorkingDirectory=
**FragmentPath=/etc/systemd/system/moonraker.service
**Description=API Server for Klipper SV1
**User=pi

Systemd unit klipper.service:
unit_name: klipper.service
is_default: True
manager: systemd
Properties:
**Requires=['system.slice', '-.mount', 'sysinit.target']
**After=['-.mount', 'basic.target', 'systemd-journald.socket', 'network-online.target', 'system.slice', 'sysinit.target', 'klipper-mcu.service']
**SupplementaryGroups=[]
**EnvironmentFiles=/home/pi/printer_data/systemd/klipper.env
**ExecStart=/home/pi/klippy-env/bin/python $KLIPPER_ARGS
**WorkingDirectory=/home/pi/klipper
**FragmentPath=/etc/systemd/system/klipper.service
**Description=Klipper 3D Printer Firmware SV1
**User=pi
Git Repo moonraker: No warnings detected
Git Repo klipper: No warnings detected
Git Repo mainsail-config: No warnings detected
Git Repo crowsnest: No warnings detected
Git Repo sonar: No warnings detected
Klipper Version: v0.12.0-10-gea2f6bc0
2023-11-24 09:10:04,392 [authorization.py:_check_trusted_connection()] - Trusted Connection Detected, IP: 192.168.50.156
2023-11-24 09:10:04,396 [app.py:log_request()] - 101 GET /websocket (192.168.50.156) [_TRUSTED_USER_] 8.26ms
2023-11-24 09:10:04,398 [websockets.py:open()] - Websocket Opened: ID: 1747098040, Proxied: True, User Agent: Mozilla/5.0 (Windows NT 10.0; Win64; x64) AppleWebKit/537.36 (KHTML, like Gecko) Chrome/119.0.0.0 Safari/537.36 Edg/119.0.0.0, Host Name: ender3.local
2023-11-24 09:10:04,411 [websockets.py:_handle_identify()] - Websocket 1747098040 Client Identified - Name: mainsail, Version: 2.8.0, Type: web
2023-11-24 09:21:42,125 [app.py:prepare()] - Upload Request Received from 192.168.50.156
Content-Type: multipart/form-data; boundary=----WebKitFormBoundaryMAB1k0CeUAuwb0M1
2023-11-24 09:21:50,990 [app.py:post()] - Processing Uploaded File: CuteDino_ShortLegs_0.2mm_PLA__2h30m.gcode
2023-11-24 09:21:51,490 [shell_command.py:pipe_data_received()] - INFO:metadata:Object Processing is disabled

2023-11-24 09:21:51,687 [shell_command.py:_check_proc_success()] - Command (/home/pi/moonraker-env/bin/python /home/pi/moonraker/moonraker/components/file_manager/metadata.py -p /home/pi/printer_data/gcodes -f "CuteDino_ShortLegs_0.2mm_PLA__2h30m.gcode") successfully finished
2023-11-24 09:21:51,694 [app.py:log_request()] - 201 POST /server/files/upload (192.168.50.156) [_TRUSTED_USER_] 9575.75ms
2023-11-24 09:22:06,953 [job_state.py:_status_update()] - Job Started: CuteDino_ShortLegs_0.2mm_PLA__2h30m.gcode
2023-11-24 09:30:17,484 [machine.py:_find_public_ip()] - Failed to detect local IP address
2023-11-24 09:30:17,486 [webcam.py:_set_default_host_ip()] - Default public webcam address set: http://127.0.0.1
2023-11-24 09:30:27,496 [machine.py:_find_public_ip()] - Detected Local IP: 192.168.50.75
2023-11-24 09:30:27,499 [webcam.py:_set_default_host_ip()] - Default public webcam address set: http://192.168.50.75
2023-11-24 09:30:37,500 [machine.py:_find_public_ip()] - Detected Local IP: 192.168.50.75
2023-11-24 09:56:46,615 [authorization.py:_check_trusted_connection()] - Trusted Connection Detected, IP: 192.168.50.37
2023-11-24 09:56:46,618 [app.py:log_request()] - 101 GET /websocket (192.168.50.37) [_TRUSTED_USER_] 4.64ms
2023-11-24 09:56:46,618 [websockets.py:open()] - Websocket Opened: ID: 1728025840, Proxied: True, User Agent: Mozilla/5.0 (iPhone; CPU iPhone OS 16_6_1 like Mac OS X) AppleWebKit/605.1.15 (KHTML, like Gecko) Version/16.6 Mobile/15E148 Safari/604.1, Host Name: ender3.local
2023-11-24 09:56:46,637 [websockets.py:_handle_identify()] - Websocket 1728025840 Client Identified - Name: mainsail, Version: 2.8.0, Type: web
2023-11-24 09:56:58,698 [websockets.py:on_close()] - Websocket Closed: ID: 1728025840 Close Code: None, Close Reason: None, Pong Time Elapsed: 2.07
2023-11-24 10:23:15,521 [authorization.py:_prune_conn_handler()] - Trusted Connection Expired, IP: 192.168.50.156
2023-11-24 10:58:15,529 [authorization.py:_prune_conn_handler()] - Trusted Connection Expired, IP: 192.168.50.37
-------------------- Log Start | Fri Nov 24 11:17:27 2023 --------------------
data_path: /home/pi/printer_data
is_default_data_path: False
config_file: /home/pi/printer_data/config/moonraker.conf
startup_warnings: []
verbose: False
debug: False
asyncio_debug: False
is_backup_config: False
is_python_package: True
instance_uuid: 6bd1f017229944c081868f98606ac354
unix_socket_path: /home/pi/printer_data/comms/moonraker.sock
software_version: v0.8.0-204-gfb15b2a
git_branch: master
git_remote: origin
git_repo_url: https://github.com/Arksine/moonraker.git
modified_files: []
unofficial_components: []
log_file: /home/pi/printer_data/logs/moonraker.log
python_version: 3.9.2 (default, Mar 12 2021, 04:06:34)  [GCC 10.2.1 20210110]
msgspec_enabled: False
uvloop_enabled: False
2023-11-24 12:17:27,378 [confighelper.py:read_file()] - Configuration File '/home/pi/printer_data/config/moonraker.conf' parsed, total size: 1634 B
2023-11-24 12:17:27,379 [server.py:add_log_rollover_item()] - 
#################### Moonraker Configuration ####################

[server]
host = 0.0.0.0
port = 7125
max_upload_size = 1024
klippy_uds_address = ~/printer_data/comms/klippy.sock

[file_manager]
enable_object_processing = False

[authorization]
cors_domains = 
	https://my.mainsail.xyz
	http://my.mainsail.xyz
	http://*.local
	http://*.lan
trusted_clients = 
	10.0.0.0/8
	127.0.0.0/8
	169.254.0.0/16
	172.16.0.0/12
	192.168.0.0/16
	FE80::/10
	::1/128

[octoprint_compat]

[history]

[announcements]
subscriptions = 
	mainsail

[update_manager]
refresh_interval = 168
enable_auto_refresh = True

[update_manager mainsail]
type = web
channel = stable
repo = mainsail-crew/mainsail
path = ~/mainsail

[update_manager mainsail-config]
type = git_repo
primary_branch = master
path = ~/mainsail-config
origin = https://github.com/mainsail-crew/mainsail-config.git
managed_services = klipper

[update_manager crowsnest]
type = git_repo
path = ~/crowsnest
origin = https://github.com/mainsail-crew/crowsnest.git
install_script = tools/pkglist.sh

[update_manager sonar]
type = git_repo
path = ~/sonar
origin = https://github.com/mainsail-crew/sonar.git
primary_branch = main
managed_services = sonar
install_script = tools/install.sh

#################################################################
All Configuration Files:
/home/pi/printer_data/config/moonraker.conf
#################################################################
2023-11-24 12:17:27,506 [app.py:register_local_handler()] - Registering HTTP Endpoint: (POST) /server/logs/rollover
2023-11-24 12:17:27,507 [websockets.py:register_api_handler()] - Registering Websocket JSON-RPC methods: server.logs.rollover
2023-11-24 12:17:27,507 [app.py:register_local_handler()] - Registering HTTP Endpoint: (GET) /server/info
2023-11-24 12:17:27,508 [websockets.py:register_api_handler()] - Registering Websocket JSON-RPC methods: server.info
2023-11-24 12:17:27,508 [app.py:register_local_handler()] - Registering HTTP Endpoint: (GET) /server/config
2023-11-24 12:17:27,519 [websockets.py:register_api_handler()] - Registering Websocket JSON-RPC methods: server.config
2023-11-24 12:17:27,520 [app.py:register_local_handler()] - Registering HTTP Endpoint: (POST) /server/restart
2023-11-24 12:17:27,520 [websockets.py:register_api_handler()] - Registering Websocket JSON-RPC methods: server.restart
2023-11-24 12:17:27,801 [server.py:load_component()] - Component (dbus_manager) loaded
2023-11-24 12:17:27,883 [server.py:add_log_rollover_item()] - Unsafe Shutdown Count: 40
2023-11-24 12:17:27,899 [app.py:register_local_handler()] - Registering HTTP Endpoint: (GET) /server/database/list
2023-11-24 12:17:27,900 [websockets.py:register_api_handler()] - Registering Websocket JSON-RPC methods: server.database.list
2023-11-24 12:17:27,900 [app.py:register_local_handler()] - Registering HTTP Endpoint: (GET POST DELETE) /server/database/item
2023-11-24 12:17:27,901 [websockets.py:register_api_handler()] - Registering Websocket JSON-RPC methods: server.database.get_item, server.database.post_item, server.database.delete_item
2023-11-24 12:17:27,902 [server.py:load_component()] - Component (database) loaded
2023-11-24 12:17:27,961 [file_manager.py:__init__()] - Using File System Observer: inotify
2023-11-24 12:17:28,007 [app.py:register_local_handler()] - Registering HTTP Endpoint: (GET) /server/files/list
2023-11-24 12:17:28,008 [websockets.py:register_api_handler()] - Registering Websocket JSON-RPC methods: server.files.list
2023-11-24 12:17:28,008 [app.py:register_local_handler()] - Registering HTTP Endpoint: (GET) /server/files/metadata
2023-11-24 12:17:28,010 [websockets.py:register_api_handler()] - Registering Websocket JSON-RPC methods: server.files.metadata
2023-11-24 12:17:28,010 [app.py:register_local_handler()] - Registering HTTP Endpoint: (POST) /server/files/metascan
2023-11-24 12:17:28,010 [websockets.py:register_api_handler()] - Registering Websocket JSON-RPC methods: server.files.metascan
2023-11-24 12:17:28,011 [app.py:register_local_handler()] - Registering HTTP Endpoint: (GET) /server/files/thumbnails
2023-11-24 12:17:28,012 [websockets.py:register_api_handler()] - Registering Websocket JSON-RPC methods: server.files.thumbnails
2023-11-24 12:17:28,012 [app.py:register_local_handler()] - Registering HTTP Endpoint: (GET) /server/files/roots
2023-11-24 12:17:28,013 [websockets.py:register_api_handler()] - Registering Websocket JSON-RPC methods: server.files.roots
2023-11-24 12:17:28,013 [app.py:register_local_handler()] - Registering HTTP Endpoint: (GET POST DELETE) /server/files/directory
2023-11-24 12:17:28,015 [websockets.py:register_api_handler()] - Registering Websocket JSON-RPC methods: server.files.get_directory, server.files.post_directory, server.files.delete_directory
2023-11-24 12:17:28,015 [app.py:register_local_handler()] - Registering HTTP Endpoint: (POST) /server/files/move
2023-11-24 12:17:28,016 [websockets.py:register_api_handler()] - Registering Websocket JSON-RPC methods: server.files.move
2023-11-24 12:17:28,016 [app.py:register_local_handler()] - Registering HTTP Endpoint: (POST) /server/files/copy
2023-11-24 12:17:28,017 [websockets.py:register_api_handler()] - Registering Websocket JSON-RPC methods: server.files.copy
2023-11-24 12:17:28,017 [app.py:register_local_handler()] - Registering HTTP Endpoint: (POST) /server/files/zip
2023-11-24 12:17:28,018 [websockets.py:register_api_handler()] - Registering Websocket JSON-RPC methods: server.files.zip
2023-11-24 12:17:28,019 [websockets.py:register_api_handler()] - Registering Websocket JSON-RPC methods: server.files.delete_file
2023-11-24 12:17:28,043 [server.py:load_component()] - Component (file_manager) loaded
2023-11-24 12:17:28,059 [app.py:register_local_handler()] - Registering HTTP Endpoint: (POST) /printer/print/pause
2023-11-24 12:17:28,059 [websockets.py:register_api_handler()] - Registering Websocket JSON-RPC methods: printer.print.pause
2023-11-24 12:17:28,060 [app.py:register_local_handler()] - Registering HTTP Endpoint: (POST) /printer/print/resume
2023-11-24 12:17:28,060 [websockets.py:register_api_handler()] - Registering Websocket JSON-RPC methods: printer.print.resume
2023-11-24 12:17:28,061 [app.py:register_local_handler()] - Registering HTTP Endpoint: (POST) /printer/print/cancel
2023-11-24 12:17:28,061 [websockets.py:register_api_handler()] - Registering Websocket JSON-RPC methods: printer.print.cancel
2023-11-24 12:17:28,061 [app.py:register_local_handler()] - Registering HTTP Endpoint: (POST) /printer/print/start
2023-11-24 12:17:28,062 [websockets.py:register_api_handler()] - Registering Websocket JSON-RPC methods: printer.print.start
2023-11-24 12:17:28,063 [app.py:register_local_handler()] - Registering HTTP Endpoint: (POST) /printer/restart
2023-11-24 12:17:28,063 [websockets.py:register_api_handler()] - Registering Websocket JSON-RPC methods: printer.restart
2023-11-24 12:17:28,064 [app.py:register_local_handler()] - Registering HTTP Endpoint: (POST) /printer/firmware_restart
2023-11-24 12:17:28,065 [websockets.py:register_api_handler()] - Registering Websocket JSON-RPC methods: printer.firmware_restart
2023-11-24 12:17:28,065 [server.py:load_component()] - Component (klippy_apis) loaded
2023-11-24 12:17:28,433 [server.py:load_component()] - Component (secrets) loaded
2023-11-24 12:17:28,451 [server.py:load_component()] - Component (template) loaded
2023-11-24 12:17:28,565 [server.py:add_log_rollover_item()] - 
System Info:

***python***
  version: (3, 9, 2, 'final', 0)
  version_string: 3.9.2 (default, Mar 12 2021, 04:06:34)  [GCC 10.2.1 20210110]

***cpu_info***
  cpu_count: 4
  bits: 32bit
  processor: armv7l
  cpu_desc: ARMv7 Processor rev 4 (v7l)
  serial_number: d3595bfa
  hardware_desc: BCM2835
  model: Raspberry Pi 3 Model A Plus Rev 1.0
  total_memory: 372016
  memory_units: kB

***sd_info***
  manufacturer_id: 03
  manufacturer: Sandisk
  oem_id: 5344
  product_name: SM32G
  product_revision: 8.0
  serial_number: f8834489
  manufacturer_date: 2/2021
  capacity: 29.7 GiB
  total_bytes: 31914983424

***distribution***
  name: Raspbian GNU/Linux 11 (bullseye)
  id: raspbian
  version: 11
  version_parts: {'major': '11', 'minor': '', 'build_number': ''}
  like: debian
  codename: bullseye
  release_info: {'name': 'MainsailOS', 'version_id': '1.1.1', 'codename': 'bullseye', 'id': 'mainsailos'}

***virtualization***
  virt_type: none
  virt_identifier: none

***network***

***canbus***

***Allowed Services***
  klipper_mcu
  webcamd
  MoonCord
  KlipperScreen
  moonraker-telegram-bot
  moonraker-obico
  sonar
  crowsnest
  octoeverywhere
  ratos-configurator
2023-11-24 12:17:28,571 [server.py:load_component()] - Component (shell_command) loaded
2023-11-24 12:17:28,572 [machine.py:__init__()] - Using System Provider: systemd_dbus
2023-11-24 12:17:28,573 [app.py:register_local_handler()] - Registering HTTP Endpoint: (POST) /machine/reboot
2023-11-24 12:17:28,575 [websockets.py:register_api_handler()] - Registering Websocket JSON-RPC methods: machine.reboot
2023-11-24 12:17:28,575 [app.py:register_local_handler()] - Registering HTTP Endpoint: (POST) /machine/shutdown
2023-11-24 12:17:28,577 [websockets.py:register_api_handler()] - Registering Websocket JSON-RPC methods: machine.shutdown
2023-11-24 12:17:28,577 [app.py:register_local_handler()] - Registering HTTP Endpoint: (POST) /machine/services/restart
2023-11-24 12:17:28,579 [websockets.py:register_api_handler()] - Registering Websocket JSON-RPC methods: machine.services.restart
2023-11-24 12:17:28,580 [app.py:register_local_handler()] - Registering HTTP Endpoint: (POST) /machine/services/stop
2023-11-24 12:17:28,581 [websockets.py:register_api_handler()] - Registering Websocket JSON-RPC methods: machine.services.stop
2023-11-24 12:17:28,581 [app.py:register_local_handler()] - Registering HTTP Endpoint: (POST) /machine/services/start
2023-11-24 12:17:28,583 [websockets.py:register_api_handler()] - Registering Websocket JSON-RPC methods: machine.services.start
2023-11-24 12:17:28,583 [app.py:register_local_handler()] - Registering HTTP Endpoint: (GET) /machine/system_info
2023-11-24 12:17:28,584 [websockets.py:register_api_handler()] - Registering Websocket JSON-RPC methods: machine.system_info
2023-11-24 12:17:28,585 [app.py:register_local_handler()] - Registering HTTP Endpoint: (GET) /machine/sudo/info
2023-11-24 12:17:28,586 [websockets.py:register_api_handler()] - Registering Websocket JSON-RPC methods: machine.sudo.info
2023-11-24 12:17:28,586 [app.py:register_local_handler()] - Registering HTTP Endpoint: (POST) /machine/sudo/password
2023-11-24 12:17:28,587 [websockets.py:register_api_handler()] - Registering Websocket JSON-RPC methods: machine.sudo.password
2023-11-24 12:17:28,603 [server.py:load_component()] - Component (machine) loaded
2023-11-24 12:17:28,607 [app.py:register_local_handler()] - Registering HTTP Endpoint: (GET) /server/temperature_store
2023-11-24 12:17:28,608 [websockets.py:register_api_handler()] - Registering Websocket JSON-RPC methods: server.temperature_store
2023-11-24 12:17:28,608 [app.py:register_local_handler()] - Registering HTTP Endpoint: (GET) /server/gcode_store
2023-11-24 12:17:28,609 [websockets.py:register_api_handler()] - Registering Websocket JSON-RPC methods: server.gcode_store
2023-11-24 12:17:28,609 [server.py:load_component()] - Component (data_store) loaded
2023-11-24 12:17:28,623 [proc_stats.py:__init__()] - Detected 'vcgencmd', throttle checking enabled
2023-11-24 12:17:28,624 [app.py:register_local_handler()] - Registering HTTP Endpoint: (GET) /machine/proc_stats
2023-11-24 12:17:28,625 [websockets.py:register_api_handler()] - Registering Websocket JSON-RPC methods: machine.proc_stats
2023-11-24 12:17:28,625 [server.py:load_component()] - Component (proc_stats) loaded
2023-11-24 12:17:28,628 [server.py:load_component()] - Component (job_state) loaded
2023-11-24 12:17:28,634 [app.py:register_local_handler()] - Registering HTTP Endpoint: (POST DELETE) /server/job_queue/job
2023-11-24 12:17:28,635 [websockets.py:register_api_handler()] - Registering Websocket JSON-RPC methods: server.job_queue.post_job, server.job_queue.delete_job
2023-11-24 12:17:28,636 [app.py:register_local_handler()] - Registering HTTP Endpoint: (POST) /server/job_queue/pause
2023-11-24 12:17:28,636 [websockets.py:register_api_handler()] - Registering Websocket JSON-RPC methods: server.job_queue.pause
2023-11-24 12:17:28,637 [app.py:register_local_handler()] - Registering HTTP Endpoint: (POST) /server/job_queue/start
2023-11-24 12:17:28,637 [websockets.py:register_api_handler()] - Registering Websocket JSON-RPC methods: server.job_queue.start
2023-11-24 12:17:28,638 [app.py:register_local_handler()] - Registering HTTP Endpoint: (GET) /server/job_queue/status
2023-11-24 12:17:28,639 [websockets.py:register_api_handler()] - Registering Websocket JSON-RPC methods: server.job_queue.status
2023-11-24 12:17:28,639 [app.py:register_local_handler()] - Registering HTTP Endpoint: (POST) /server/job_queue/jump
2023-11-24 12:17:28,641 [websockets.py:register_api_handler()] - Registering Websocket JSON-RPC methods: server.job_queue.jump
2023-11-24 12:17:28,641 [server.py:load_component()] - Component (job_queue) loaded
2023-11-24 12:17:28,659 [server.py:load_component()] - Component (http_client) loaded
2023-11-24 12:17:28,665 [app.py:register_local_handler()] - Registering HTTP Endpoint: (GET) /server/announcements/list
2023-11-24 12:17:28,666 [websockets.py:register_api_handler()] - Registering Websocket JSON-RPC methods: server.announcements.list
2023-11-24 12:17:28,666 [app.py:register_local_handler()] - Registering HTTP Endpoint: (POST) /server/announcements/dismiss
2023-11-24 12:17:28,667 [websockets.py:register_api_handler()] - Registering Websocket JSON-RPC methods: server.announcements.dismiss
2023-11-24 12:17:28,667 [app.py:register_local_handler()] - Registering HTTP Endpoint: (POST) /server/announcements/update
2023-11-24 12:17:28,668 [websockets.py:register_api_handler()] - Registering Websocket JSON-RPC methods: server.announcements.update
2023-11-24 12:17:28,668 [app.py:register_local_handler()] - Registering HTTP Endpoint: (POST DELETE) /server/announcements/feed
2023-11-24 12:17:28,669 [websockets.py:register_api_handler()] - Registering Websocket JSON-RPC methods: server.announcements.post_feed, server.announcements.delete_feed
2023-11-24 12:17:28,669 [app.py:register_local_handler()] - Registering HTTP Endpoint: (GET) /server/announcements/feeds
2023-11-24 12:17:28,670 [websockets.py:register_api_handler()] - Registering Websocket JSON-RPC methods: server.announcements.feeds
2023-11-24 12:17:28,670 [server.py:load_component()] - Component (announcements) loaded
2023-11-24 12:17:28,674 [app.py:register_local_handler()] - Registering HTTP Endpoint: (GET) /server/webcams/list
2023-11-24 12:17:28,675 [websockets.py:register_api_handler()] - Registering Websocket JSON-RPC methods: server.webcams.list
2023-11-24 12:17:28,675 [app.py:register_local_handler()] - Registering HTTP Endpoint: (GET POST DELETE) /server/webcams/item
2023-11-24 12:17:28,676 [websockets.py:register_api_handler()] - Registering Websocket JSON-RPC methods: server.webcams.get_item, server.webcams.post_item, server.webcams.delete_item
2023-11-24 12:17:28,676 [app.py:register_local_handler()] - Registering HTTP Endpoint: (POST) /server/webcams/test
2023-11-24 12:17:28,677 [websockets.py:register_api_handler()] - Registering Websocket JSON-RPC methods: server.webcams.test
2023-11-24 12:17:28,677 [server.py:load_component()] - Component (webcam) loaded
2023-11-24 12:17:28,686 [websockets.py:register_api_handler()] - Registering Websocket JSON-RPC methods: connection.register_remote_method
2023-11-24 12:17:28,686 [websockets.py:register_api_handler()] - Registering Websocket JSON-RPC methods: connection.send_event
2023-11-24 12:17:28,686 [app.py:register_local_handler()] - Registering HTTP Endpoint: (GET) /server/extensions/list
2023-11-24 12:17:28,687 [websockets.py:register_api_handler()] - Registering Websocket JSON-RPC methods: server.extensions.list
2023-11-24 12:17:28,688 [app.py:register_local_handler()] - Registering HTTP Endpoint: (POST) /server/extensions/request
2023-11-24 12:17:28,689 [websockets.py:register_api_handler()] - Registering Websocket JSON-RPC methods: server.extensions.request
2023-11-24 12:17:28,689 [server.py:load_component()] - Component (extensions) loaded
2023-11-24 12:17:28,696 [app.py:register_local_handler()] - Registering HTTP Endpoint: (GET DELETE) /server/history/job
2023-11-24 12:17:28,697 [websockets.py:register_api_handler()] - Registering Websocket JSON-RPC methods: server.history.get_job, server.history.delete_job
2023-11-24 12:17:28,697 [app.py:register_local_handler()] - Registering HTTP Endpoint: (GET) /server/history/list
2023-11-24 12:17:28,697 [websockets.py:register_api_handler()] - Registering Websocket JSON-RPC methods: server.history.list
2023-11-24 12:17:28,698 [app.py:register_local_handler()] - Registering HTTP Endpoint: (GET) /server/history/totals
2023-11-24 12:17:28,698 [websockets.py:register_api_handler()] - Registering Websocket JSON-RPC methods: server.history.totals
2023-11-24 12:17:28,698 [app.py:register_local_handler()] - Registering HTTP Endpoint: (POST) /server/history/reset_totals
2023-11-24 12:17:28,699 [websockets.py:register_api_handler()] - Registering Websocket JSON-RPC methods: server.history.reset_totals
2023-11-24 12:17:28,701 [server.py:load_component()] - Component (history) loaded
2023-11-24 12:17:28,820 [base_deploy.py:log_info()] - Git Repo moonraker: Detected virtualenv: /home/pi/moonraker-env
2023-11-24 12:17:28,827 [base_deploy.py:log_info()] - Git Repo klipper: Detected virtualenv: /home/pi/klippy-env
2023-11-24 12:17:28,845 [app.py:register_local_handler()] - Registering HTTP Endpoint: (POST) /machine/update/moonraker
2023-11-24 12:17:28,847 [websockets.py:register_api_handler()] - Registering Websocket JSON-RPC methods: machine.update.moonraker
2023-11-24 12:17:28,847 [app.py:register_local_handler()] - Registering HTTP Endpoint: (POST) /machine/update/klipper
2023-11-24 12:17:28,848 [websockets.py:register_api_handler()] - Registering Websocket JSON-RPC methods: machine.update.klipper
2023-11-24 12:17:28,848 [app.py:register_local_handler()] - Registering HTTP Endpoint: (POST) /machine/update/system
2023-11-24 12:17:28,850 [websockets.py:register_api_handler()] - Registering Websocket JSON-RPC methods: machine.update.system
2023-11-24 12:17:28,850 [app.py:register_local_handler()] - Registering HTTP Endpoint: (POST) /machine/update/client
2023-11-24 12:17:28,851 [websockets.py:register_api_handler()] - Registering Websocket JSON-RPC methods: machine.update.client
2023-11-24 12:17:28,852 [app.py:register_local_handler()] - Registering HTTP Endpoint: (POST) /machine/update/full
2023-11-24 12:17:28,854 [websockets.py:register_api_handler()] - Registering Websocket JSON-RPC methods: machine.update.full
2023-11-24 12:17:28,855 [app.py:register_local_handler()] - Registering HTTP Endpoint: (GET) /machine/update/status
2023-11-24 12:17:28,856 [websockets.py:register_api_handler()] - Registering Websocket JSON-RPC methods: machine.update.status
2023-11-24 12:17:28,856 [app.py:register_local_handler()] - Registering HTTP Endpoint: (POST) /machine/update/refresh
2023-11-24 12:17:28,858 [websockets.py:register_api_handler()] - Registering Websocket JSON-RPC methods: machine.update.refresh
2023-11-24 12:17:28,858 [app.py:register_local_handler()] - Registering HTTP Endpoint: (POST) /machine/update/recover
2023-11-24 12:17:28,859 [websockets.py:register_api_handler()] - Registering Websocket JSON-RPC methods: machine.update.recover
2023-11-24 12:17:28,859 [app.py:register_local_handler()] - Registering HTTP Endpoint: (POST) /machine/update/rollback
2023-11-24 12:17:28,860 [websockets.py:register_api_handler()] - Registering Websocket JSON-RPC methods: machine.update.rollback
2023-11-24 12:17:28,861 [server.py:load_component()] - Component (update_manager) loaded
2023-11-24 12:17:28,951 [app.py:register_local_handler()] - Registering HTTP Endpoint: (GET) /api/version
2023-11-24 12:17:28,952 [app.py:register_local_handler()] - Registering HTTP Endpoint: (GET) /api/server
2023-11-24 12:17:28,953 [app.py:register_local_handler()] - Registering HTTP Endpoint: (POST) /api/login
2023-11-24 12:17:28,954 [app.py:register_local_handler()] - Registering HTTP Endpoint: (GET) /api/currentuser
2023-11-24 12:17:28,954 [app.py:register_local_handler()] - Registering HTTP Endpoint: (GET) /api/settings
2023-11-24 12:17:28,955 [app.py:register_local_handler()] - Registering HTTP Endpoint: (GET) /api/job
2023-11-24 12:17:28,956 [app.py:register_local_handler()] - Registering HTTP Endpoint: (GET) /api/printer
2023-11-24 12:17:28,957 [app.py:register_local_handler()] - Registering HTTP Endpoint: (POST) /api/printer/command
2023-11-24 12:17:28,958 [app.py:register_local_handler()] - Registering HTTP Endpoint: (GET) /api/printerprofiles
2023-11-24 12:17:28,960 [app.py:register_local_handler()] - Registering HTTP Endpoint: (POST) /api/files/moonraker/(?P<relative_path>.+)
2023-11-24 12:17:28,961 [server.py:load_component()] - Component (octoprint_compat) loaded
2023-11-24 12:17:29,042 [authorization.py:__init__()] - Authorization Configuration Loaded
Trusted Clients:
10.0.0.0/8
127.0.0.0/8
169.254.0.0/16
172.16.0.0/12
192.168.0.0/16
fe80::/10
::1/128
CORS Domains:
https://my\.mainsail\.xyz
http://my\.mainsail\.xyz
http://.*\.local
http://.*\.lan
2023-11-24 12:17:29,042 [app.py:register_local_handler()] - Registering HTTP Endpoint: (POST) /access/login
2023-11-24 12:17:29,044 [websockets.py:register_api_handler()] - Registering Websocket JSON-RPC methods: access.login
2023-11-24 12:17:29,044 [app.py:register_local_handler()] - Registering HTTP Endpoint: (POST) /access/logout
2023-11-24 12:17:29,045 [websockets.py:register_api_handler()] - Registering Websocket JSON-RPC methods: access.logout
2023-11-24 12:17:29,045 [app.py:register_local_handler()] - Registering HTTP Endpoint: (POST) /access/refresh_jwt
2023-11-24 12:17:29,046 [websockets.py:register_api_handler()] - Registering Websocket JSON-RPC methods: access.refresh_jwt
2023-11-24 12:17:29,046 [app.py:register_local_handler()] - Registering HTTP Endpoint: (GET POST DELETE) /access/user
2023-11-24 12:17:29,047 [websockets.py:register_api_handler()] - Registering Websocket JSON-RPC methods: access.get_user, access.post_user, access.delete_user
2023-11-24 12:17:29,047 [app.py:register_local_handler()] - Registering HTTP Endpoint: (GET) /access/users/list
2023-11-24 12:17:29,048 [websockets.py:register_api_handler()] - Registering Websocket JSON-RPC methods: access.users.list
2023-11-24 12:17:29,048 [app.py:register_local_handler()] - Registering HTTP Endpoint: (POST) /access/user/password
2023-11-24 12:17:29,049 [websockets.py:register_api_handler()] - Registering Websocket JSON-RPC methods: access.user.password
2023-11-24 12:17:29,050 [app.py:register_local_handler()] - Registering HTTP Endpoint: (GET POST) /access/api_key
2023-11-24 12:17:29,050 [websockets.py:register_api_handler()] - Registering Websocket JSON-RPC methods: access.get_api_key, access.post_api_key
2023-11-24 12:17:29,050 [app.py:register_local_handler()] - Registering HTTP Endpoint: (GET) /access/oneshot_token
2023-11-24 12:17:29,051 [websockets.py:register_api_handler()] - Registering Websocket JSON-RPC methods: access.oneshot_token
2023-11-24 12:17:29,052 [app.py:register_local_handler()] - Registering HTTP Endpoint: (GET) /access/info
2023-11-24 12:17:29,053 [websockets.py:register_api_handler()] - Registering Websocket JSON-RPC methods: access.info
2023-11-24 12:17:29,053 [server.py:load_component()] - Component (authorization) loaded
2023-11-24 12:17:29,073 [server.py:_initialize_component()] - Performing Component Post Init: [dbus_manager]
2023-11-24 12:17:29,101 [server.py:_initialize_component()] - Performing Component Post Init: [file_manager]
2023-11-24 12:17:29,161 [server.py:_initialize_component()] - Performing Component Post Init: [machine]
2023-11-24 12:17:29,161 [machine.py:validation_init()] - Installation version in database up to date
2023-11-24 12:17:29,751 [machine.py:check_virt_status()] - No Virtualization Detected
2023-11-24 12:17:29,768 [machine.py:_find_public_ip()] - Detected Local IP: 192.168.50.75
2023-11-24 12:17:29,772 [webcam.py:_set_default_host_ip()] - Default public webcam address set: http://192.168.50.75
2023-11-24 12:17:29,875 [server.py:add_log_rollover_item()] - 
Systemd unit moonraker.service:
unit_name: moonraker.service
is_default: True
manager: systemd
Properties:
**Requires=['sysinit.target', 'network-online.target', 'system.slice']
**After=['system.slice', 'network-online.target', 'klipper.service', 'basic.target', 'sysinit.target', 'systemd-journald.socket']
**SupplementaryGroups=['moonraker-admin']
**EnvironmentFiles=/home/pi/printer_data/systemd/moonraker.env
**ExecStart=/home/pi/moonraker-env/bin/python $MOONRAKER_ARGS
**WorkingDirectory=
**FragmentPath=/etc/systemd/system/moonraker.service
**Description=API Server for Klipper SV1
**User=pi
2023-11-24 12:17:29,876 [server.py:_initialize_component()] - Performing Component Post Init: [proc_stats]
2023-11-24 12:17:29,876 [server.py:_initialize_component()] - Performing Component Post Init: [announcements]
2023-11-24 12:17:29,880 [server.py:_initialize_component()] - Performing Component Post Init: [webcam]
2023-11-24 12:17:29,881 [webcam.py:_set_default_host_ip()] - Default public webcam address set: http://192.168.50.75
2023-11-24 12:17:29,882 [server.py:_initialize_component()] - Performing Component Post Init: [klippy_connection]
2023-11-24 12:17:29,883 [server.py:add_log_rollover_item()] - 
Systemd unit klipper.service:
unit_name: klipper.service
is_default: True
manager: systemd
Properties:
**Requires=['system.slice', '-.mount', 'sysinit.target']
**After=['-.mount', 'basic.target', 'systemd-journald.socket', 'network-online.target', 'system.slice', 'sysinit.target', 'klipper-mcu.service']
**SupplementaryGroups=[]
**EnvironmentFiles=/home/pi/printer_data/systemd/klipper.env
**ExecStart=/home/pi/klippy-env/bin/python $KLIPPER_ARGS
**WorkingDirectory=/home/pi/klipper
**FragmentPath=/etc/systemd/system/klipper.service
**Description=Klipper 3D Printer Firmware SV1
**User=pi
2023-11-24 12:17:29,884 [server.py:_initialize_component()] - Performing Component Post Init: [update_manager]
2023-11-24 12:17:29,887 [server.py:_initialize_component()] - Performing Component Post Init: [authorization]
2023-11-24 12:17:30,427 [base_deploy.py:log_info()] - PackageDeploy: PackageKit Provider Configured
2023-11-24 12:17:30,428 [base_deploy.py:log_info()] - Git Repo moonraker: Stored pip version: 20.3.4
2023-11-24 12:17:30,448 [git_deploy.py:log_repo_info()] - Git Repo moonraker Detected:
Owner: Arksine
Repository Name: moonraker
Path: /home/pi/moonraker
Remote: origin
Branch: master
Remote URL: https://github.com/Arksine/moonraker.git
Recovery URL: https://github.com/Arksine/moonraker.git
Current Commit SHA: fb15b2a3de1ac203a8bf2a700b08c649d23cd4a0
Upstream Commit SHA: fb15b2a3de1ac203a8bf2a700b08c649d23cd4a0
Current Version: v0.8.0-204-gfb15b2a3
Upstream Version: v0.8.0-204-gfb15b2a3
Rollback Commit: fb15b2a3de1ac203a8bf2a700b08c649d23cd4a0
Rollback Branch: master
Rollback Version: v0.8.0-204-gfb15b2a
Is Dirty: False
Is Detached: False
Is Shallow: False
Commits Behind Count: 0
Diverged: False
2023-11-24 12:17:30,469 [git_deploy.py:log_repo_info()] - Git Repo klipper Detected:
Owner: Klipper3d
Repository Name: klipper
Path: /home/pi/klipper
Remote: origin
Branch: master
Remote URL: https://github.com/Klipper3d/klipper.git
Recovery URL: https://github.com/Klipper3d/klipper.git
Current Commit SHA: ea2f6bc0f544132738c7f052ffcc586fa884a19a
Upstream Commit SHA: ea2f6bc0f544132738c7f052ffcc586fa884a19a
Current Version: v0.12.0-10-gea2f6bc0
Upstream Version: v0.12.0-10-gea2f6bc0
Rollback Commit: ea2f6bc0f544132738c7f052ffcc586fa884a19a
Rollback Branch: master
Rollback Version: v0.12.0-10-gea2f6bc0
Is Dirty: False
Is Detached: False
Is Shallow: False
Commits Behind Count: 0
Diverged: False
2023-11-24 12:17:30,479 [web_deploy.py:_log_client_info()] - Web Client mainsail Detected:
Repo: mainsail-crew/mainsail
Channel: stable
Path: /home/pi/mainsail
Local Version: v2.8.0
Remote Version: v2.8.0
Valid: True
Fallback Client Detected: False
Pre-release: False
Download Url: https://github.com/mainsail-crew/mainsail/releases/download/v2.8.0/mainsail.zip
Download Size: 2147663
Content Type: application/zip
Rollback Version: v2.5.1
Rollback Repo: mainsail-crew/mainsail
2023-11-24 12:17:30,499 [git_deploy.py:log_repo_info()] - Git Repo mainsail-config Detected:
Owner: mainsail-crew
Repository Name: mainsail-config
Path: /home/pi/mainsail-config
Remote: origin
Branch: master
Remote URL: https://github.com/mainsail-crew/mainsail-config.git
Recovery URL: https://github.com/mainsail-crew/mainsail-config.git
Current Commit SHA: 76a9999986b03abb3aed272dc0a818f13a18ea7e
Upstream Commit SHA: 76a9999986b03abb3aed272dc0a818f13a18ea7e
Current Version: v1.1.0-1-g76a99999
Upstream Version: v1.1.0-1-g76a99999
Rollback Commit: 76a9999986b03abb3aed272dc0a818f13a18ea7e
Rollback Branch: master
Rollback Version: v1.1.0-1-g76a9999
Is Dirty: False
Is Detached: False
Is Shallow: False
Commits Behind Count: 0
Diverged: False
2023-11-24 12:17:30,524 [git_deploy.py:log_repo_info()] - Git Repo crowsnest Detected:
Owner: mainsail-crew
Repository Name: crowsnest
Path: /home/pi/crowsnest
Remote: origin
Branch: master
Remote URL: https://github.com/mainsail-crew/crowsnest.git
Recovery URL: https://github.com/mainsail-crew/crowsnest.git
Current Commit SHA: 380c1776207bc8d69f18daa651413e01fb879c74
Upstream Commit SHA: 380c1776207bc8d69f18daa651413e01fb879c74
Current Version: v4.1.0-1-g380c1776
Upstream Version: v4.1.0-1-g380c1776
Rollback Commit: 380c1776207bc8d69f18daa651413e01fb879c74
Rollback Branch: master
Rollback Version: v4.1.0-1-g380c177
Is Dirty: False
Is Detached: False
Is Shallow: False
Commits Behind Count: 0
Diverged: False
2023-11-24 12:17:30,543 [git_deploy.py:log_repo_info()] - Git Repo sonar Detected:
Owner: mainsail-crew
Repository Name: sonar
Path: /home/pi/sonar
Remote: origin
Branch: main
Remote URL: https://github.com/mainsail-crew/sonar.git
Recovery URL: https://github.com/mainsail-crew/sonar.git
Current Commit SHA: eacc498a52f79292063b6f9b0e0c191c34c5dc09
Upstream Commit SHA: eacc498a52f79292063b6f9b0e0c191c34c5dc09
Current Version: v0.1.3-1-geacc498a
Upstream Version: v0.1.3-1-geacc498a
Rollback Commit: 7962a1225ad88fa2a642ae2b378637491b4b2710
Rollback Branch: main
Rollback Version: v0.1.2-0-g7962a12
Is Dirty: False
Is Detached: False
Is Shallow: False
Commits Behind Count: 0
Diverged: False
2023-11-24 12:17:30,544 [base_deploy.py:log_info()] - PackageKit: Next refresh in: 5 Days, 10 Hours, 39 Minutes, 51 Seconds
2023-11-24 12:17:30,544 [base_deploy.py:log_info()] - Git Repo moonraker: Next refresh in: 5 Days, 10 Hours, 39 Minutes, 54 Seconds
2023-11-24 12:17:30,545 [base_deploy.py:log_info()] - Git Repo klipper: Next refresh in: 5 Days, 10 Hours, 39 Minutes, 56 Seconds
2023-11-24 12:17:30,545 [base_deploy.py:log_info()] - Web Client mainsail: Next refresh in: 5 Days, 10 Hours, 39 Minutes, 56 Seconds
2023-11-24 12:17:30,545 [base_deploy.py:log_info()] - Git Repo mainsail-config: Next refresh in: 5 Days, 10 Hours, 39 Minutes, 57 Seconds
2023-11-24 12:17:30,545 [base_deploy.py:log_info()] - Git Repo crowsnest: Next refresh in: 5 Days, 10 Hours, 39 Minutes, 58 Seconds
2023-11-24 12:17:30,545 [base_deploy.py:log_info()] - Git Repo sonar: Next refresh in: 5 Days, 10 Hours, 39 Minutes, 59 Seconds
2023-11-24 12:17:30,551 [extensions.py:start_unix_server()] - Creating Unix Domain Socket at '/home/pi/printer_data/comms/moonraker.sock'
2023-11-24 12:17:30,554 [server.py:start_server()] - Starting Moonraker on (0.0.0.0, 7125), Hostname: ender3
2023-11-24 12:17:30,556 [app.py:listen()] - SSL Certificate/Key not configured, aborting HTTPS Server startup
2023-11-24 12:17:30,810 [klippy_connection.py:_do_connect()] - Klippy Connection Established
2023-11-24 12:17:30,946 [server.py:add_log_rollover_item()] - 
Systemd unit klipper.service:
unit_name: klipper.service
is_default: True
manager: systemd
Properties:
**Requires=['sysinit.target', '-.mount', 'system.slice']
**After=['system.slice', 'systemd-journald.socket', 'klipper-mcu.service', 'network-online.target', 'basic.target', 'sysinit.target', '-.mount']
**SupplementaryGroups=[]
**EnvironmentFiles=/home/pi/printer_data/systemd/klipper.env
**ExecStart=/home/pi/klippy-env/bin/python $KLIPPER_ARGS
**WorkingDirectory=/home/pi/klipper
**FragmentPath=/etc/systemd/system/klipper.service
**Description=Klipper 3D Printer Firmware SV1
**User=pi
2023-11-24 12:17:31,200 [server.py:add_log_rollover_item()] - Klipper Version: v0.12.0-10-gea2f6bc0
2023-11-24 12:17:31,211 [app.py:register_remote_handler()] - Registering HTTP endpoint: (GET POST) /printer/info
2023-11-24 12:17:31,212 [websockets.py:register_api_handler()] - Registering Websocket JSON-RPC methods: printer.info
2023-11-24 12:17:31,213 [app.py:register_remote_handler()] - Registering HTTP endpoint: (GET POST) /printer/emergency_stop
2023-11-24 12:17:31,213 [websockets.py:register_api_handler()] - Registering Websocket JSON-RPC methods: printer.emergency_stop
2023-11-24 12:17:31,214 [app.py:register_remote_handler()] - Registering HTTP endpoint: (GET POST) /printer/gcode/help
2023-11-24 12:17:31,214 [websockets.py:register_api_handler()] - Registering Websocket JSON-RPC methods: printer.gcode.help
2023-11-24 12:17:31,215 [app.py:register_remote_handler()] - Registering HTTP endpoint: (GET POST) /printer/gcode/script
2023-11-24 12:17:31,216 [websockets.py:register_api_handler()] - Registering Websocket JSON-RPC methods: printer.gcode.script
2023-11-24 12:17:31,216 [app.py:register_remote_handler()] - Registering HTTP endpoint: (GET POST) /printer/gcode/restart
2023-11-24 12:17:31,219 [websockets.py:register_api_handler()] - Registering Websocket JSON-RPC methods: printer.gcode.restart
2023-11-24 12:17:31,220 [app.py:register_remote_handler()] - Registering HTTP endpoint: (GET POST) /printer/gcode/firmware_restart
2023-11-24 12:17:31,221 [websockets.py:register_api_handler()] - Registering Websocket JSON-RPC methods: printer.gcode.firmware_restart
2023-11-24 12:17:31,221 [app.py:register_remote_handler()] - Registering HTTP endpoint: (GET POST) /printer/objects/list
2023-11-24 12:17:31,222 [websockets.py:register_api_handler()] - Registering Websocket JSON-RPC methods: printer.objects.list
2023-11-24 12:17:31,222 [app.py:register_remote_handler()] - Registering HTTP endpoint: (GET POST) /printer/objects/query
2023-11-24 12:17:31,223 [websockets.py:register_api_handler()] - Registering Websocket JSON-RPC methods: printer.objects.query
2023-11-24 12:17:31,224 [app.py:register_remote_handler()] - Registering HTTP endpoint: (GET POST) /printer/objects/subscribe
2023-11-24 12:17:31,228 [websockets.py:register_api_handler()] - Registering Websocket JSON-RPC methods: printer.objects.subscribe
2023-11-24 12:17:31,228 [app.py:register_remote_handler()] - Registering HTTP endpoint: (GET POST) /printer/pause_resume/cancel
2023-11-24 12:17:31,229 [websockets.py:register_api_handler()] - Registering Websocket JSON-RPC methods: printer.pause_resume.cancel
2023-11-24 12:17:31,229 [app.py:register_remote_handler()] - Registering HTTP endpoint: (GET POST) /printer/pause_resume/pause
2023-11-24 12:17:31,230 [websockets.py:register_api_handler()] - Registering Websocket JSON-RPC methods: printer.pause_resume.pause
2023-11-24 12:17:31,231 [app.py:register_remote_handler()] - Registering HTTP endpoint: (GET POST) /printer/pause_resume/resume
2023-11-24 12:17:31,231 [websockets.py:register_api_handler()] - Registering Websocket JSON-RPC methods: printer.pause_resume.resume
2023-11-24 12:17:31,232 [app.py:register_remote_handler()] - Registering HTTP endpoint: (GET POST) /printer/adxl345/dump_adxl345
2023-11-24 12:17:31,233 [websockets.py:register_api_handler()] - Registering Websocket JSON-RPC methods: printer.adxl345.dump_adxl345
2023-11-24 12:17:31,236 [app.py:register_remote_handler()] - Registering HTTP endpoint: (GET POST) /printer/motion_report/dump_stepper
2023-11-24 12:17:31,237 [websockets.py:register_api_handler()] - Registering Websocket JSON-RPC methods: printer.motion_report.dump_stepper
2023-11-24 12:17:31,237 [app.py:register_remote_handler()] - Registering HTTP endpoint: (GET POST) /printer/query_endstops/status
2023-11-24 12:17:31,238 [websockets.py:register_api_handler()] - Registering Websocket JSON-RPC methods: printer.query_endstops.status
2023-11-24 12:17:31,238 [app.py:register_remote_handler()] - Registering HTTP endpoint: (GET POST) /printer/motion_report/dump_trapq
2023-11-24 12:17:31,239 [websockets.py:register_api_handler()] - Registering Websocket JSON-RPC methods: printer.motion_report.dump_trapq
2023-11-24 12:17:31,245 [klippy_connection.py:_request_initial_subscriptions()] - Webhooks Subscribed
2023-11-24 12:17:31,247 [klippy_connection.py:_request_initial_subscriptions()] - GCode Output Subscribed
2023-11-24 12:17:31,495 [job_state.py:_handle_started()] - Job state initialized: standby
2023-11-24 12:17:31,760 [klippy_connection.py:_check_ready()] - Klippy ready
2023-11-24 12:17:32,248 [data_store.py:_init_sensors()] - Configuring available sensors: ['heater_bed', 'extruder']
2023-11-24 13:29:09,887 [authorization.py:_check_trusted_connection()] - Trusted Connection Detected, IP: 192.168.50.156
2023-11-24 13:29:09,890 [app.py:log_request()] - 101 GET /websocket (192.168.50.156) [_TRUSTED_USER_] 7.79ms
2023-11-24 13:29:09,891 [websockets.py:open()] - Websocket Opened: ID: 1747269328, Proxied: True, User Agent: Mozilla/5.0 (Windows NT 10.0; Win64; x64) AppleWebKit/537.36 (KHTML, like Gecko) Chrome/119.0.0.0 Safari/537.36 Edg/119.0.0.0, Host Name: ender3.local
2023-11-24 13:29:09,981 [websockets.py:_handle_identify()] - Websocket 1747269328 Client Identified - Name: mainsail, Version: 2.8.0, Type: web
2023-11-24 13:29:40,094 [app.py:prepare()] - Upload Request Received from 192.168.50.156
Content-Type: multipart/form-data; boundary=----WebKitFormBoundaryolGYZILRFOIWNL50
2023-11-24 13:29:40,126 [app.py:post()] - Processing Uploaded File: moonraker.conf
2023-11-24 13:29:40,143 [app.py:log_request()] - 201 POST /server/files/upload (192.168.50.156) [_TRUSTED_USER_] 54.97ms
2023-11-24 13:29:40,387 [websockets.py:write_to_socket()] - Websocket closed while writing: 1747269328
2023-11-24 13:29:40,393 [websockets.py:on_close()] - Websocket Closed: ID: 1747269328 Close Code: 1001, Close Reason: Server Shutdown, Pong Time Elapsed: 0.41
2023-11-24 13:29:40,398 [klippy_connection.py:_on_connection_closed()] - Klippy Connection Removed
2023-11-24 13:29:40,411 [database.py:close()] - Database statistics:

announcements:
psize: 4096
depth: 0
branch_pages: 0
leaf_pages: 0
overflow_pages: 0
entries: 0
authorized_users:
psize: 4096
depth: 1
branch_pages: 0
leaf_pages: 1
overflow_pages: 0
entries: 1
gcode_metadata:
psize: 4096
depth: 2
branch_pages: 1
leaf_pages: 3
overflow_pages: 0
entries: 11
history:
psize: 4096
depth: 2
branch_pages: 1
leaf_pages: 12
overflow_pages: 0
entries: 33
mainsail:
psize: 4096
depth: 1
branch_pages: 0
leaf_pages: 1
overflow_pages: 0
entries: 9
moonraker:
psize: 4096
depth: 1
branch_pages: 0
leaf_pages: 1
overflow_pages: 0
entries: 7
update_manager:
psize: 4096
depth: 2
branch_pages: 1
leaf_pages: 2
overflow_pages: 0
entries: 7
webcams:
psize: 4096
depth: 1
branch_pages: 0
leaf_pages: 1
overflow_pages: 0
entries: 1
2023-11-24 13:29:41,036 [server.py:main()] - Attempting Server Restart...
2023-11-24 13:29:41,044 [confighelper.py:read_file()] - Configuration File '/home/pi/printer_data/config/moonraker.conf' parsed, total size: 1846 B
2023-11-24 13:29:41,045 [server.py:add_log_rollover_item()] - 
#################### Moonraker Configuration ####################

[server]
host = 0.0.0.0
port = 7125
max_upload_size = 1024
klippy_uds_address = ~/printer_data/comms/klippy.sock

[file_manager]
enable_object_processing = False

[authorization]
cors_domains = 
	https://my.mainsail.xyz
	http://my.mainsail.xyz
	http://*.local
	http://*.lan
trusted_clients = 
	10.0.0.0/8
	127.0.0.0/8
	169.254.0.0/16
	172.16.0.0/12
	192.168.0.0/16
	FE80::/10
	::1/128

[octoprint_compat]

[history]

[announcements]
subscriptions = 
	mainsail

[update_manager]
refresh_interval = 168
enable_auto_refresh = True

[update_manager mainsail]
type = web
channel = stable
repo = mainsail-crew/mainsail
path = ~/mainsail

[update_manager mainsail-config]
type = git_repo
primary_branch = master
path = ~/mainsail-config
origin = https://github.com/mainsail-crew/mainsail-config.git
managed_services = klipper

[update_manager crowsnest]
type = git_repo
path = ~/crowsnest
origin = https://github.com/mainsail-crew/crowsnest.git
install_script = tools/pkglist.sh

[update_manager sonar]
type = git_repo
path = ~/sonar
origin = https://github.com/mainsail-crew/sonar.git
primary_branch = main
managed_services = sonar
install_script = tools/install.sh

[update_manager client klipper-backup]
type = git_repo
path = ~/klipper-backup
origin = https://github.com/Staubgeborener/klipper-backup.git
install_script = install.sh
is_system_service = False
primary_branch = main

#################################################################
All Configuration Files:
/home/pi/printer_data/config/moonraker.conf
#################################################################
2023-11-24 13:29:41,049 [app.py:register_local_handler()] - Registering HTTP Endpoint: (POST) /server/logs/rollover
2023-11-24 13:29:41,049 [websockets.py:register_api_handler()] - Registering Websocket JSON-RPC methods: server.logs.rollover
2023-11-24 13:29:41,050 [app.py:register_local_handler()] - Registering HTTP Endpoint: (GET) /server/info
2023-11-24 13:29:41,050 [websockets.py:register_api_handler()] - Registering Websocket JSON-RPC methods: server.info
2023-11-24 13:29:41,050 [app.py:register_local_handler()] - Registering HTTP Endpoint: (GET) /server/config
2023-11-24 13:29:41,050 [websockets.py:register_api_handler()] - Registering Websocket JSON-RPC methods: server.config
2023-11-24 13:29:41,051 [app.py:register_local_handler()] - Registering HTTP Endpoint: (POST) /server/restart
2023-11-24 13:29:41,051 [websockets.py:register_api_handler()] - Registering Websocket JSON-RPC methods: server.restart
2023-11-24 13:29:41,053 [server.py:load_component()] - Component (dbus_manager) loaded
2023-11-24 13:29:41,061 [server.py:add_log_rollover_item()] - Unsafe Shutdown Count: 40
2023-11-24 13:29:41,069 [app.py:register_local_handler()] - Registering HTTP Endpoint: (GET) /server/database/list
2023-11-24 13:29:41,069 [websockets.py:register_api_handler()] - Registering Websocket JSON-RPC methods: server.database.list
2023-11-24 13:29:41,069 [app.py:register_local_handler()] - Registering HTTP Endpoint: (GET POST DELETE) /server/database/item
2023-11-24 13:29:41,070 [websockets.py:register_api_handler()] - Registering Websocket JSON-RPC methods: server.database.get_item, server.database.post_item, server.database.delete_item
2023-11-24 13:29:41,070 [server.py:load_component()] - Component (database) loaded
2023-11-24 13:29:41,075 [file_manager.py:__init__()] - Using File System Observer: inotify
2023-11-24 13:29:41,117 [app.py:register_local_handler()] - Registering HTTP Endpoint: (GET) /server/files/list
2023-11-24 13:29:41,117 [websockets.py:register_api_handler()] - Registering Websocket JSON-RPC methods: server.files.list
2023-11-24 13:29:41,117 [app.py:register_local_handler()] - Registering HTTP Endpoint: (GET) /server/files/metadata
2023-11-24 13:29:41,117 [websockets.py:register_api_handler()] - Registering Websocket JSON-RPC methods: server.files.metadata
2023-11-24 13:29:41,118 [app.py:register_local_handler()] - Registering HTTP Endpoint: (POST) /server/files/metascan
2023-11-24 13:29:41,118 [websockets.py:register_api_handler()] - Registering Websocket JSON-RPC methods: server.files.metascan
2023-11-24 13:29:41,118 [app.py:register_local_handler()] - Registering HTTP Endpoint: (GET) /server/files/thumbnails
2023-11-24 13:29:41,118 [websockets.py:register_api_handler()] - Registering Websocket JSON-RPC methods: server.files.thumbnails
2023-11-24 13:29:41,118 [app.py:register_local_handler()] - Registering HTTP Endpoint: (GET) /server/files/roots
2023-11-24 13:29:41,118 [websockets.py:register_api_handler()] - Registering Websocket JSON-RPC methods: server.files.roots
2023-11-24 13:29:41,119 [app.py:register_local_handler()] - Registering HTTP Endpoint: (GET POST DELETE) /server/files/directory
2023-11-24 13:29:41,119 [websockets.py:register_api_handler()] - Registering Websocket JSON-RPC methods: server.files.get_directory, server.files.post_directory, server.files.delete_directory
2023-11-24 13:29:41,119 [app.py:register_local_handler()] - Registering HTTP Endpoint: (POST) /server/files/move
2023-11-24 13:29:41,119 [websockets.py:register_api_handler()] - Registering Websocket JSON-RPC methods: server.files.move
2023-11-24 13:29:41,119 [app.py:register_local_handler()] - Registering HTTP Endpoint: (POST) /server/files/copy
2023-11-24 13:29:41,119 [websockets.py:register_api_handler()] - Registering Websocket JSON-RPC methods: server.files.copy
2023-11-24 13:29:41,119 [app.py:register_local_handler()] - Registering HTTP Endpoint: (POST) /server/files/zip
2023-11-24 13:29:41,120 [websockets.py:register_api_handler()] - Registering Websocket JSON-RPC methods: server.files.zip
2023-11-24 13:29:41,120 [websockets.py:register_api_handler()] - Registering Websocket JSON-RPC methods: server.files.delete_file
2023-11-24 13:29:41,131 [server.py:load_component()] - Component (file_manager) loaded
2023-11-24 13:29:41,131 [app.py:register_local_handler()] - Registering HTTP Endpoint: (POST) /printer/print/pause
2023-11-24 13:29:41,131 [websockets.py:register_api_handler()] - Registering Websocket JSON-RPC methods: printer.print.pause
2023-11-24 13:29:41,132 [app.py:register_local_handler()] - Registering HTTP Endpoint: (POST) /printer/print/resume
2023-11-24 13:29:41,132 [websockets.py:register_api_handler()] - Registering Websocket JSON-RPC methods: printer.print.resume
2023-11-24 13:29:41,132 [app.py:register_local_handler()] - Registering HTTP Endpoint: (POST) /printer/print/cancel
2023-11-24 13:29:41,132 [websockets.py:register_api_handler()] - Registering Websocket JSON-RPC methods: printer.print.cancel
2023-11-24 13:29:41,132 [app.py:register_local_handler()] - Registering HTTP Endpoint: (POST) /printer/print/start
2023-11-24 13:29:41,132 [websockets.py:register_api_handler()] - Registering Websocket JSON-RPC methods: printer.print.start
2023-11-24 13:29:41,132 [app.py:register_local_handler()] - Registering HTTP Endpoint: (POST) /printer/restart
2023-11-24 13:29:41,133 [websockets.py:register_api_handler()] - Registering Websocket JSON-RPC methods: printer.restart
2023-11-24 13:29:41,133 [app.py:register_local_handler()] - Registering HTTP Endpoint: (POST) /printer/firmware_restart
2023-11-24 13:29:41,133 [websockets.py:register_api_handler()] - Registering Websocket JSON-RPC methods: printer.firmware_restart
2023-11-24 13:29:41,133 [server.py:load_component()] - Component (klippy_apis) loaded
2023-11-24 13:29:41,140 [server.py:load_component()] - Component (secrets) loaded
2023-11-24 13:29:41,141 [server.py:load_component()] - Component (template) loaded
2023-11-24 13:29:41,223 [server.py:add_log_rollover_item()] - 
System Info:

***python***
  version: (3, 9, 2, 'final', 0)
  version_string: 3.9.2 (default, Mar 12 2021, 04:06:34)  [GCC 10.2.1 20210110]

***cpu_info***
  cpu_count: 4
  bits: 32bit
  processor: armv7l
  cpu_desc: ARMv7 Processor rev 4 (v7l)
  serial_number: d3595bfa
  hardware_desc: BCM2835
  model: Raspberry Pi 3 Model A Plus Rev 1.0
  total_memory: 372016
  memory_units: kB

***sd_info***
  manufacturer_id: 03
  manufacturer: Sandisk
  oem_id: 5344
  product_name: SM32G
  product_revision: 8.0
  serial_number: f8834489
  manufacturer_date: 2/2021
  capacity: 29.7 GiB
  total_bytes: 31914983424

***distribution***
  name: Raspbian GNU/Linux 11 (bullseye)
  id: raspbian
  version: 11
  version_parts: {'major': '11', 'minor': '', 'build_number': ''}
  like: debian
  codename: bullseye
  release_info: {'name': 'MainsailOS', 'version_id': '1.1.1', 'codename': 'bullseye', 'id': 'mainsailos'}

***virtualization***
  virt_type: none
  virt_identifier: none

***network***

***canbus***

***Allowed Services***
  klipper_mcu
  webcamd
  MoonCord
  KlipperScreen
  moonraker-telegram-bot
  moonraker-obico
  sonar
  crowsnest
  octoeverywhere
  ratos-configurator
2023-11-24 13:29:41,224 [server.py:load_component()] - Component (shell_command) loaded
2023-11-24 13:29:41,224 [machine.py:__init__()] - Using System Provider: systemd_dbus
2023-11-24 13:29:41,225 [app.py:register_local_handler()] - Registering HTTP Endpoint: (POST) /machine/reboot
2023-11-24 13:29:41,225 [websockets.py:register_api_handler()] - Registering Websocket JSON-RPC methods: machine.reboot
2023-11-24 13:29:41,226 [app.py:register_local_handler()] - Registering HTTP Endpoint: (POST) /machine/shutdown
2023-11-24 13:29:41,226 [websockets.py:register_api_handler()] - Registering Websocket JSON-RPC methods: machine.shutdown
2023-11-24 13:29:41,226 [app.py:register_local_handler()] - Registering HTTP Endpoint: (POST) /machine/services/restart
2023-11-24 13:29:41,226 [websockets.py:register_api_handler()] - Registering Websocket JSON-RPC methods: machine.services.restart
2023-11-24 13:29:41,226 [app.py:register_local_handler()] - Registering HTTP Endpoint: (POST) /machine/services/stop
2023-11-24 13:29:41,226 [websockets.py:register_api_handler()] - Registering Websocket JSON-RPC methods: machine.services.stop
2023-11-24 13:29:41,226 [app.py:register_local_handler()] - Registering HTTP Endpoint: (POST) /machine/services/start
2023-11-24 13:29:41,227 [websockets.py:register_api_handler()] - Registering Websocket JSON-RPC methods: machine.services.start
2023-11-24 13:29:41,227 [app.py:register_local_handler()] - Registering HTTP Endpoint: (GET) /machine/system_info
2023-11-24 13:29:41,227 [websockets.py:register_api_handler()] - Registering Websocket JSON-RPC methods: machine.system_info
2023-11-24 13:29:41,227 [app.py:register_local_handler()] - Registering HTTP Endpoint: (GET) /machine/sudo/info
2023-11-24 13:29:41,227 [websockets.py:register_api_handler()] - Registering Websocket JSON-RPC methods: machine.sudo.info
2023-11-24 13:29:41,227 [app.py:register_local_handler()] - Registering HTTP Endpoint: (POST) /machine/sudo/password
2023-11-24 13:29:41,228 [websockets.py:register_api_handler()] - Registering Websocket JSON-RPC methods: machine.sudo.password
2023-11-24 13:29:41,229 [server.py:load_component()] - Component (machine) loaded
2023-11-24 13:29:41,230 [app.py:register_local_handler()] - Registering HTTP Endpoint: (GET) /server/temperature_store
2023-11-24 13:29:41,230 [websockets.py:register_api_handler()] - Registering Websocket JSON-RPC methods: server.temperature_store
2023-11-24 13:29:41,231 [app.py:register_local_handler()] - Registering HTTP Endpoint: (GET) /server/gcode_store
2023-11-24 13:29:41,231 [websockets.py:register_api_handler()] - Registering Websocket JSON-RPC methods: server.gcode_store
2023-11-24 13:29:41,231 [server.py:load_component()] - Component (data_store) loaded
2023-11-24 13:29:41,231 [proc_stats.py:__init__()] - Detected 'vcgencmd', throttle checking enabled
2023-11-24 13:29:41,232 [app.py:register_local_handler()] - Registering HTTP Endpoint: (GET) /machine/proc_stats
2023-11-24 13:29:41,232 [websockets.py:register_api_handler()] - Registering Websocket JSON-RPC methods: machine.proc_stats
2023-11-24 13:29:41,232 [server.py:load_component()] - Component (proc_stats) loaded
2023-11-24 13:29:41,233 [server.py:load_component()] - Component (job_state) loaded
2023-11-24 13:29:41,233 [app.py:register_local_handler()] - Registering HTTP Endpoint: (POST DELETE) /server/job_queue/job
2023-11-24 13:29:41,233 [websockets.py:register_api_handler()] - Registering Websocket JSON-RPC methods: server.job_queue.post_job, server.job_queue.delete_job
2023-11-24 13:29:41,234 [app.py:register_local_handler()] - Registering HTTP Endpoint: (POST) /server/job_queue/pause
2023-11-24 13:29:41,234 [websockets.py:register_api_handler()] - Registering Websocket JSON-RPC methods: server.job_queue.pause
2023-11-24 13:29:41,234 [app.py:register_local_handler()] - Registering HTTP Endpoint: (POST) /server/job_queue/start
2023-11-24 13:29:41,234 [websockets.py:register_api_handler()] - Registering Websocket JSON-RPC methods: server.job_queue.start
2023-11-24 13:29:41,234 [app.py:register_local_handler()] - Registering HTTP Endpoint: (GET) /server/job_queue/status
2023-11-24 13:29:41,234 [websockets.py:register_api_handler()] - Registering Websocket JSON-RPC methods: server.job_queue.status
2023-11-24 13:29:41,235 [app.py:register_local_handler()] - Registering HTTP Endpoint: (POST) /server/job_queue/jump
2023-11-24 13:29:41,235 [websockets.py:register_api_handler()] - Registering Websocket JSON-RPC methods: server.job_queue.jump
2023-11-24 13:29:41,235 [server.py:load_component()] - Component (job_queue) loaded
2023-11-24 13:29:41,236 [server.py:load_component()] - Component (http_client) loaded
2023-11-24 13:29:41,236 [app.py:register_local_handler()] - Registering HTTP Endpoint: (GET) /server/announcements/list
2023-11-24 13:29:41,237 [websockets.py:register_api_handler()] - Registering Websocket JSON-RPC methods: server.announcements.list
2023-11-24 13:29:41,237 [app.py:register_local_handler()] - Registering HTTP Endpoint: (POST) /server/announcements/dismiss
2023-11-24 13:29:41,239 [websockets.py:register_api_handler()] - Registering Websocket JSON-RPC methods: server.announcements.dismiss
2023-11-24 13:29:41,239 [app.py:register_local_handler()] - Registering HTTP Endpoint: (POST) /server/announcements/update
2023-11-24 13:29:41,240 [websockets.py:register_api_handler()] - Registering Websocket JSON-RPC methods: server.announcements.update
2023-11-24 13:29:41,241 [app.py:register_local_handler()] - Registering HTTP Endpoint: (POST DELETE) /server/announcements/feed
2023-11-24 13:29:41,243 [websockets.py:register_api_handler()] - Registering Websocket JSON-RPC methods: server.announcements.post_feed, server.announcements.delete_feed
2023-11-24 13:29:41,244 [app.py:register_local_handler()] - Registering HTTP Endpoint: (GET) /server/announcements/feeds
2023-11-24 13:29:41,245 [websockets.py:register_api_handler()] - Registering Websocket JSON-RPC methods: server.announcements.feeds
2023-11-24 13:29:41,246 [server.py:load_component()] - Component (announcements) loaded
2023-11-24 13:29:41,247 [app.py:register_local_handler()] - Registering HTTP Endpoint: (GET) /server/webcams/list
2023-11-24 13:29:41,247 [websockets.py:register_api_handler()] - Registering Websocket JSON-RPC methods: server.webcams.list
2023-11-24 13:29:41,247 [app.py:register_local_handler()] - Registering HTTP Endpoint: (GET POST DELETE) /server/webcams/item
2023-11-24 13:29:41,247 [websockets.py:register_api_handler()] - Registering Websocket JSON-RPC methods: server.webcams.get_item, server.webcams.post_item, server.webcams.delete_item
2023-11-24 13:29:41,247 [app.py:register_local_handler()] - Registering HTTP Endpoint: (POST) /server/webcams/test
2023-11-24 13:29:41,248 [websockets.py:register_api_handler()] - Registering Websocket JSON-RPC methods: server.webcams.test
2023-11-24 13:29:41,248 [server.py:load_component()] - Component (webcam) loaded
2023-11-24 13:29:41,248 [websockets.py:register_api_handler()] - Registering Websocket JSON-RPC methods: connection.register_remote_method
2023-11-24 13:29:41,249 [websockets.py:register_api_handler()] - Registering Websocket JSON-RPC methods: connection.send_event
2023-11-24 13:29:41,249 [app.py:register_local_handler()] - Registering HTTP Endpoint: (GET) /server/extensions/list
2023-11-24 13:29:41,249 [websockets.py:register_api_handler()] - Registering Websocket JSON-RPC methods: server.extensions.list
2023-11-24 13:29:41,249 [app.py:register_local_handler()] - Registering HTTP Endpoint: (POST) /server/extensions/request
2023-11-24 13:29:41,250 [websockets.py:register_api_handler()] - Registering Websocket JSON-RPC methods: server.extensions.request
2023-11-24 13:29:41,250 [server.py:load_component()] - Component (extensions) loaded
2023-11-24 13:29:41,252 [app.py:register_local_handler()] - Registering HTTP Endpoint: (GET DELETE) /server/history/job
2023-11-24 13:29:41,253 [websockets.py:register_api_handler()] - Registering Websocket JSON-RPC methods: server.history.get_job, server.history.delete_job
2023-11-24 13:29:41,253 [app.py:register_local_handler()] - Registering HTTP Endpoint: (GET) /server/history/list
2023-11-24 13:29:41,253 [websockets.py:register_api_handler()] - Registering Websocket JSON-RPC methods: server.history.list
2023-11-24 13:29:41,253 [app.py:register_local_handler()] - Registering HTTP Endpoint: (GET) /server/history/totals
2023-11-24 13:29:41,254 [websockets.py:register_api_handler()] - Registering Websocket JSON-RPC methods: server.history.totals
2023-11-24 13:29:41,254 [app.py:register_local_handler()] - Registering HTTP Endpoint: (POST) /server/history/reset_totals
2023-11-24 13:29:41,254 [websockets.py:register_api_handler()] - Registering Websocket JSON-RPC methods: server.history.reset_totals
2023-11-24 13:29:41,259 [server.py:load_component()] - Component (history) loaded
2023-11-24 13:29:41,282 [base_deploy.py:log_info()] - Git Repo moonraker: Detected virtualenv: /home/pi/moonraker-env
2023-11-24 13:29:41,294 [base_deploy.py:log_info()] - Git Repo klipper: Detected virtualenv: /home/pi/klippy-env
2023-11-24 13:29:41,327 [app.py:register_local_handler()] - Registering HTTP Endpoint: (POST) /machine/update/moonraker
2023-11-24 13:29:41,327 [websockets.py:register_api_handler()] - Registering Websocket JSON-RPC methods: machine.update.moonraker
2023-11-24 13:29:41,328 [app.py:register_local_handler()] - Registering HTTP Endpoint: (POST) /machine/update/klipper
2023-11-24 13:29:41,328 [websockets.py:register_api_handler()] - Registering Websocket JSON-RPC methods: machine.update.klipper
2023-11-24 13:29:41,328 [app.py:register_local_handler()] - Registering HTTP Endpoint: (POST) /machine/update/system
2023-11-24 13:29:41,328 [websockets.py:register_api_handler()] - Registering Websocket JSON-RPC methods: machine.update.system
2023-11-24 13:29:41,329 [app.py:register_local_handler()] - Registering HTTP Endpoint: (POST) /machine/update/client
2023-11-24 13:29:41,329 [websockets.py:register_api_handler()] - Registering Websocket JSON-RPC methods: machine.update.client
2023-11-24 13:29:41,329 [app.py:register_local_handler()] - Registering HTTP Endpoint: (POST) /machine/update/full
2023-11-24 13:29:41,330 [websockets.py:register_api_handler()] - Registering Websocket JSON-RPC methods: machine.update.full
2023-11-24 13:29:41,330 [app.py:register_local_handler()] - Registering HTTP Endpoint: (GET) /machine/update/status
2023-11-24 13:29:41,330 [websockets.py:register_api_handler()] - Registering Websocket JSON-RPC methods: machine.update.status
2023-11-24 13:29:41,331 [app.py:register_local_handler()] - Registering HTTP Endpoint: (POST) /machine/update/refresh
2023-11-24 13:29:41,331 [websockets.py:register_api_handler()] - Registering Websocket JSON-RPC methods: machine.update.refresh
2023-11-24 13:29:41,331 [app.py:register_local_handler()] - Registering HTTP Endpoint: (POST) /machine/update/recover
2023-11-24 13:29:41,332 [websockets.py:register_api_handler()] - Registering Websocket JSON-RPC methods: machine.update.recover
2023-11-24 13:29:41,333 [app.py:register_local_handler()] - Registering HTTP Endpoint: (POST) /machine/update/rollback
2023-11-24 13:29:41,333 [websockets.py:register_api_handler()] - Registering Websocket JSON-RPC methods: machine.update.rollback
2023-11-24 13:29:41,333 [server.py:load_component()] - Component (update_manager) loaded
2023-11-24 13:29:41,335 [app.py:register_local_handler()] - Registering HTTP Endpoint: (GET) /api/version
2023-11-24 13:29:41,335 [app.py:register_local_handler()] - Registering HTTP Endpoint: (GET) /api/server
2023-11-24 13:29:41,336 [app.py:register_local_handler()] - Registering HTTP Endpoint: (POST) /api/login
2023-11-24 13:29:41,336 [app.py:register_local_handler()] - Registering HTTP Endpoint: (GET) /api/currentuser
2023-11-24 13:29:41,336 [app.py:register_local_handler()] - Registering HTTP Endpoint: (GET) /api/settings
2023-11-24 13:29:41,337 [app.py:register_local_handler()] - Registering HTTP Endpoint: (GET) /api/job
2023-11-24 13:29:41,337 [app.py:register_local_handler()] - Registering HTTP Endpoint: (GET) /api/printer
2023-11-24 13:29:41,338 [app.py:register_local_handler()] - Registering HTTP Endpoint: (POST) /api/printer/command
2023-11-24 13:29:41,338 [app.py:register_local_handler()] - Registering HTTP Endpoint: (GET) /api/printerprofiles
2023-11-24 13:29:41,339 [app.py:register_local_handler()] - Registering HTTP Endpoint: (POST) /api/files/moonraker/(?P<relative_path>.+)
2023-11-24 13:29:41,339 [server.py:load_component()] - Component (octoprint_compat) loaded
2023-11-24 13:29:41,348 [authorization.py:__init__()] - Authorization Configuration Loaded
Trusted Clients:
10.0.0.0/8
127.0.0.0/8
169.254.0.0/16
172.16.0.0/12
192.168.0.0/16
fe80::/10
::1/128
CORS Domains:
https://my\.mainsail\.xyz
http://my\.mainsail\.xyz
http://.*\.local
http://.*\.lan
2023-11-24 13:29:41,348 [app.py:register_local_handler()] - Registering HTTP Endpoint: (POST) /access/login
2023-11-24 13:29:41,349 [websockets.py:register_api_handler()] - Registering Websocket JSON-RPC methods: access.login
2023-11-24 13:29:41,349 [app.py:register_local_handler()] - Registering HTTP Endpoint: (POST) /access/logout
2023-11-24 13:29:41,349 [websockets.py:register_api_handler()] - Registering Websocket JSON-RPC methods: access.logout
2023-11-24 13:29:41,350 [app.py:register_local_handler()] - Registering HTTP Endpoint: (POST) /access/refresh_jwt
2023-11-24 13:29:41,350 [websockets.py:register_api_handler()] - Registering Websocket JSON-RPC methods: access.refresh_jwt
2023-11-24 13:29:41,351 [app.py:register_local_handler()] - Registering HTTP Endpoint: (GET POST DELETE) /access/user
2023-11-24 13:29:41,352 [websockets.py:register_api_handler()] - Registering Websocket JSON-RPC methods: access.get_user, access.post_user, access.delete_user
2023-11-24 13:29:41,352 [app.py:register_local_handler()] - Registering HTTP Endpoint: (GET) /access/users/list
2023-11-24 13:29:41,352 [websockets.py:register_api_handler()] - Registering Websocket JSON-RPC methods: access.users.list
2023-11-24 13:29:41,352 [app.py:register_local_handler()] - Registering HTTP Endpoint: (POST) /access/user/password
2023-11-24 13:29:41,353 [websockets.py:register_api_handler()] - Registering Websocket JSON-RPC methods: access.user.password
2023-11-24 13:29:41,353 [app.py:register_local_handler()] - Registering HTTP Endpoint: (GET POST) /access/api_key
2023-11-24 13:29:41,353 [websockets.py:register_api_handler()] - Registering Websocket JSON-RPC methods: access.get_api_key, access.post_api_key
2023-11-24 13:29:41,353 [app.py:register_local_handler()] - Registering HTTP Endpoint: (GET) /access/oneshot_token
2023-11-24 13:29:41,353 [websockets.py:register_api_handler()] - Registering Websocket JSON-RPC methods: access.oneshot_token
2023-11-24 13:29:41,353 [app.py:register_local_handler()] - Registering HTTP Endpoint: (GET) /access/info
2023-11-24 13:29:41,354 [websockets.py:register_api_handler()] - Registering Websocket JSON-RPC methods: access.info
2023-11-24 13:29:41,354 [server.py:load_component()] - Component (authorization) loaded
2023-11-24 13:29:41,360 [server.py:_initialize_component()] - Performing Component Post Init: [dbus_manager]
2023-11-24 13:29:41,381 [server.py:_initialize_component()] - Performing Component Post Init: [file_manager]
2023-11-24 13:29:41,463 [server.py:_initialize_component()] - Performing Component Post Init: [machine]
2023-11-24 13:29:41,464 [machine.py:validation_init()] - Installation version in database up to date
2023-11-24 13:29:41,826 [machine.py:check_virt_status()] - No Virtualization Detected
2023-11-24 13:29:41,842 [machine.py:_find_public_ip()] - Detected Local IP: 192.168.50.75
2023-11-24 13:29:41,845 [webcam.py:_set_default_host_ip()] - Default public webcam address set: http://192.168.50.75
2023-11-24 13:29:41,941 [server.py:add_log_rollover_item()] - 
Systemd unit moonraker.service:
unit_name: moonraker.service
is_default: True
manager: systemd
Properties:
**Requires=['sysinit.target', 'network-online.target', 'system.slice']
**After=['system.slice', 'network-online.target', 'klipper.service', 'basic.target', 'sysinit.target', 'systemd-journald.socket']
**SupplementaryGroups=['moonraker-admin']
**EnvironmentFiles=/home/pi/printer_data/systemd/moonraker.env
**ExecStart=/home/pi/moonraker-env/bin/python $MOONRAKER_ARGS
**WorkingDirectory=
**FragmentPath=/etc/systemd/system/moonraker.service
**Description=API Server for Klipper SV1
**User=pi
2023-11-24 13:29:41,942 [server.py:_initialize_component()] - Performing Component Post Init: [proc_stats]
2023-11-24 13:29:41,942 [server.py:_initialize_component()] - Performing Component Post Init: [announcements]
2023-11-24 13:29:41,945 [server.py:_initialize_component()] - Performing Component Post Init: [webcam]
2023-11-24 13:29:41,945 [webcam.py:_set_default_host_ip()] - Default public webcam address set: http://192.168.50.75
2023-11-24 13:29:41,947 [server.py:_initialize_component()] - Performing Component Post Init: [klippy_connection]
2023-11-24 13:29:41,948 [server.py:add_log_rollover_item()] - 
Systemd unit klipper.service:
unit_name: klipper.service
is_default: True
manager: systemd
Properties:
**Requires=['sysinit.target', '-.mount', 'system.slice']
**After=['system.slice', 'systemd-journald.socket', 'klipper-mcu.service', 'network-online.target', 'basic.target', 'sysinit.target', '-.mount']
**SupplementaryGroups=[]
**EnvironmentFiles=/home/pi/printer_data/systemd/klipper.env
**ExecStart=/home/pi/klippy-env/bin/python $KLIPPER_ARGS
**WorkingDirectory=/home/pi/klipper
**FragmentPath=/etc/systemd/system/klipper.service
**Description=Klipper 3D Printer Firmware SV1
**User=pi
2023-11-24 13:29:41,948 [server.py:_initialize_component()] - Performing Component Post Init: [update_manager]
2023-11-24 13:29:41,952 [server.py:_initialize_component()] - Performing Component Post Init: [authorization]
2023-11-24 13:29:42,003 [base_deploy.py:log_info()] - PackageDeploy: PackageKit Provider Configured
2023-11-24 13:29:42,005 [base_deploy.py:log_info()] - Git Repo moonraker: Stored pip version: 20.3.4
2023-11-24 13:29:42,537 [git_deploy.py:log_repo_info()] - Git Repo moonraker Detected:
Owner: Arksine
Repository Name: moonraker
Path: /home/pi/moonraker
Remote: origin
Branch: master
Remote URL: https://github.com/Arksine/moonraker.git
Recovery URL: https://github.com/Arksine/moonraker.git
Current Commit SHA: fb15b2a3de1ac203a8bf2a700b08c649d23cd4a0
Upstream Commit SHA: fb15b2a3de1ac203a8bf2a700b08c649d23cd4a0
Current Version: v0.8.0-204-gfb15b2a3
Upstream Version: v0.8.0-204-gfb15b2a3
Rollback Commit: fb15b2a3de1ac203a8bf2a700b08c649d23cd4a0
Rollback Branch: master
Rollback Version: v0.8.0-204-gfb15b2a
Is Dirty: False
Is Detached: False
Is Shallow: False
Commits Behind Count: 0
Diverged: False
2023-11-24 13:29:43,082 [git_deploy.py:log_repo_info()] - Git Repo klipper Detected:
Owner: Klipper3d
Repository Name: klipper
Path: /home/pi/klipper
Remote: origin
Branch: master
Remote URL: https://github.com/Klipper3d/klipper.git
Recovery URL: https://github.com/Klipper3d/klipper.git
Current Commit SHA: ea2f6bc0f544132738c7f052ffcc586fa884a19a
Upstream Commit SHA: ea2f6bc0f544132738c7f052ffcc586fa884a19a
Current Version: v0.12.0-10-gea2f6bc0
Upstream Version: v0.12.0-10-gea2f6bc0
Rollback Commit: ea2f6bc0f544132738c7f052ffcc586fa884a19a
Rollback Branch: master
Rollback Version: v0.12.0-10-gea2f6bc0
Is Dirty: False
Is Detached: False
Is Shallow: False
Commits Behind Count: 0
Diverged: False
2023-11-24 13:29:43,093 [web_deploy.py:_log_client_info()] - Web Client mainsail Detected:
Repo: mainsail-crew/mainsail
Channel: stable
Path: /home/pi/mainsail
Local Version: v2.8.0
Remote Version: v2.8.0
Valid: True
Fallback Client Detected: False
Pre-release: False
Download Url: https://github.com/mainsail-crew/mainsail/releases/download/v2.8.0/mainsail.zip
Download Size: 2147663
Content Type: application/zip
Rollback Version: v2.5.1
Rollback Repo: mainsail-crew/mainsail
2023-11-24 13:29:43,651 [git_deploy.py:log_repo_info()] - Git Repo mainsail-config Detected:
Owner: mainsail-crew
Repository Name: mainsail-config
Path: /home/pi/mainsail-config
Remote: origin
Branch: master
Remote URL: https://github.com/mainsail-crew/mainsail-config.git
Recovery URL: https://github.com/mainsail-crew/mainsail-config.git
Current Commit SHA: 76a9999986b03abb3aed272dc0a818f13a18ea7e
Upstream Commit SHA: 76a9999986b03abb3aed272dc0a818f13a18ea7e
Current Version: v1.1.0-1-g76a99999
Upstream Version: v1.1.0-1-g76a99999
Rollback Commit: 76a9999986b03abb3aed272dc0a818f13a18ea7e
Rollback Branch: master
Rollback Version: v1.1.0-1-g76a9999
Is Dirty: False
Is Detached: False
Is Shallow: False
Commits Behind Count: 0
Diverged: False
2023-11-24 13:29:44,213 [git_deploy.py:log_repo_info()] - Git Repo crowsnest Detected:
Owner: mainsail-crew
Repository Name: crowsnest
Path: /home/pi/crowsnest
Remote: origin
Branch: master
Remote URL: https://github.com/mainsail-crew/crowsnest.git
Recovery URL: https://github.com/mainsail-crew/crowsnest.git
Current Commit SHA: 380c1776207bc8d69f18daa651413e01fb879c74
Upstream Commit SHA: 380c1776207bc8d69f18daa651413e01fb879c74
Current Version: v4.1.0-1-g380c1776
Upstream Version: v4.1.0-1-g380c1776
Rollback Commit: 380c1776207bc8d69f18daa651413e01fb879c74
Rollback Branch: master
Rollback Version: v4.1.0-1-g380c177
Is Dirty: False
Is Detached: False
Is Shallow: False
Commits Behind Count: 0
Diverged: False
2023-11-24 13:29:44,769 [git_deploy.py:log_repo_info()] - Git Repo sonar Detected:
Owner: mainsail-crew
Repository Name: sonar
Path: /home/pi/sonar
Remote: origin
Branch: main
Remote URL: https://github.com/mainsail-crew/sonar.git
Recovery URL: https://github.com/mainsail-crew/sonar.git
Current Commit SHA: eacc498a52f79292063b6f9b0e0c191c34c5dc09
Upstream Commit SHA: eacc498a52f79292063b6f9b0e0c191c34c5dc09
Current Version: v0.1.3-1-geacc498a
Upstream Version: v0.1.3-1-geacc498a
Rollback Commit: 7962a1225ad88fa2a642ae2b378637491b4b2710
Rollback Branch: main
Rollback Version: v0.1.2-0-g7962a12
Is Dirty: False
Is Detached: False
Is Shallow: False
Commits Behind Count: 0
Diverged: False
2023-11-24 13:29:44,776 [base_deploy.py:log_info()] - PackageKit: Next refresh in: 5 Days, 9 Hours, 27 Minutes, 36 Seconds
2023-11-24 13:29:44,776 [base_deploy.py:log_info()] - Git Repo moonraker: Next refresh in: 5 Days, 9 Hours, 27 Minutes, 40 Seconds
2023-11-24 13:29:44,777 [base_deploy.py:log_info()] - Git Repo klipper: Next refresh in: 5 Days, 9 Hours, 27 Minutes, 42 Seconds
2023-11-24 13:29:44,777 [base_deploy.py:log_info()] - Web Client mainsail: Next refresh in: 5 Days, 9 Hours, 27 Minutes, 42 Seconds
2023-11-24 13:29:44,777 [base_deploy.py:log_info()] - Git Repo mainsail-config: Next refresh in: 5 Days, 9 Hours, 27 Minutes, 43 Seconds
2023-11-24 13:29:44,778 [base_deploy.py:log_info()] - Git Repo crowsnest: Next refresh in: 5 Days, 9 Hours, 27 Minutes, 44 Seconds
2023-11-24 13:29:44,778 [base_deploy.py:log_info()] - Git Repo sonar: Next refresh in: 5 Days, 9 Hours, 27 Minutes, 45 Seconds
2023-11-24 13:29:44,782 [confighelper.py:create_backup()] - Backing up last working configuration to '/home/pi/printer_data/config/.moonraker.conf.bkp'
2023-11-24 13:29:44,810 [extensions.py:start_unix_server()] - Creating Unix Domain Socket at '/home/pi/printer_data/comms/moonraker.sock'
2023-11-24 13:29:44,814 [server.py:start_server()] - Starting Moonraker on (0.0.0.0, 7125), Hostname: ender3
2023-11-24 13:29:44,816 [app.py:listen()] - SSL Certificate/Key not configured, aborting HTTPS Server startup
2023-11-24 13:29:44,822 [shell_command.py:_check_proc_success()] - Command (git -C /home/pi/klipper-backup status --porcelain -b) successfully finished
2023-11-24 13:29:45,073 [klippy_connection.py:_do_connect()] - Klippy Connection Established
2023-11-24 13:29:45,375 [shell_command.py:_check_proc_success()] - Command (git -C /home/pi/klipper-backup branch --list --no-color) successfully finished
2023-11-24 13:29:45,404 [shell_command.py:_check_proc_success()] - Command (git -C /home/pi/klipper-backup remote get-url origin) successfully finished
2023-11-24 13:29:45,490 [server.py:add_log_rollover_item()] - Klipper Version: v0.12.0-10-gea2f6bc0
2023-11-24 13:29:45,499 [app.py:register_remote_handler()] - Registering HTTP endpoint: (GET POST) /printer/info
2023-11-24 13:29:45,500 [websockets.py:register_api_handler()] - Registering Websocket JSON-RPC methods: printer.info
2023-11-24 13:29:45,500 [app.py:register_remote_handler()] - Registering HTTP endpoint: (GET POST) /printer/emergency_stop
2023-11-24 13:29:45,500 [websockets.py:register_api_handler()] - Registering Websocket JSON-RPC methods: printer.emergency_stop
2023-11-24 13:29:45,500 [app.py:register_remote_handler()] - Registering HTTP endpoint: (GET POST) /printer/gcode/help
2023-11-24 13:29:45,500 [websockets.py:register_api_handler()] - Registering Websocket JSON-RPC methods: printer.gcode.help
2023-11-24 13:29:45,500 [app.py:register_remote_handler()] - Registering HTTP endpoint: (GET POST) /printer/gcode/script
2023-11-24 13:29:45,501 [websockets.py:register_api_handler()] - Registering Websocket JSON-RPC methods: printer.gcode.script
2023-11-24 13:29:45,501 [app.py:register_remote_handler()] - Registering HTTP endpoint: (GET POST) /printer/gcode/restart
2023-11-24 13:29:45,501 [websockets.py:register_api_handler()] - Registering Websocket JSON-RPC methods: printer.gcode.restart
2023-11-24 13:29:45,501 [app.py:register_remote_handler()] - Registering HTTP endpoint: (GET POST) /printer/gcode/firmware_restart
2023-11-24 13:29:45,501 [websockets.py:register_api_handler()] - Registering Websocket JSON-RPC methods: printer.gcode.firmware_restart
2023-11-24 13:29:45,501 [app.py:register_remote_handler()] - Registering HTTP endpoint: (GET POST) /printer/objects/list
2023-11-24 13:29:45,501 [websockets.py:register_api_handler()] - Registering Websocket JSON-RPC methods: printer.objects.list
2023-11-24 13:29:45,502 [app.py:register_remote_handler()] - Registering HTTP endpoint: (GET POST) /printer/objects/query
2023-11-24 13:29:45,502 [websockets.py:register_api_handler()] - Registering Websocket JSON-RPC methods: printer.objects.query
2023-11-24 13:29:45,502 [app.py:register_remote_handler()] - Registering HTTP endpoint: (GET POST) /printer/objects/subscribe
2023-11-24 13:29:45,502 [websockets.py:register_api_handler()] - Registering Websocket JSON-RPC methods: printer.objects.subscribe
2023-11-24 13:29:45,502 [app.py:register_remote_handler()] - Registering HTTP endpoint: (GET POST) /printer/pause_resume/cancel
2023-11-24 13:29:45,502 [websockets.py:register_api_handler()] - Registering Websocket JSON-RPC methods: printer.pause_resume.cancel
2023-11-24 13:29:45,503 [app.py:register_remote_handler()] - Registering HTTP endpoint: (GET POST) /printer/pause_resume/pause
2023-11-24 13:29:45,503 [websockets.py:register_api_handler()] - Registering Websocket JSON-RPC methods: printer.pause_resume.pause
2023-11-24 13:29:45,503 [app.py:register_remote_handler()] - Registering HTTP endpoint: (GET POST) /printer/pause_resume/resume
2023-11-24 13:29:45,503 [websockets.py:register_api_handler()] - Registering Websocket JSON-RPC methods: printer.pause_resume.resume
2023-11-24 13:29:45,503 [app.py:register_remote_handler()] - Registering HTTP endpoint: (GET POST) /printer/adxl345/dump_adxl345
2023-11-24 13:29:45,503 [websockets.py:register_api_handler()] - Registering Websocket JSON-RPC methods: printer.adxl345.dump_adxl345
2023-11-24 13:29:45,503 [app.py:register_remote_handler()] - Registering HTTP endpoint: (GET POST) /printer/motion_report/dump_stepper
2023-11-24 13:29:45,504 [websockets.py:register_api_handler()] - Registering Websocket JSON-RPC methods: printer.motion_report.dump_stepper
2023-11-24 13:29:45,504 [app.py:register_remote_handler()] - Registering HTTP endpoint: (GET POST) /printer/query_endstops/status
2023-11-24 13:29:45,504 [websockets.py:register_api_handler()] - Registering Websocket JSON-RPC methods: printer.query_endstops.status
2023-11-24 13:29:45,504 [app.py:register_remote_handler()] - Registering HTTP endpoint: (GET POST) /printer/motion_report/dump_trapq
2023-11-24 13:29:45,504 [websockets.py:register_api_handler()] - Registering Websocket JSON-RPC methods: printer.motion_report.dump_trapq
2023-11-24 13:29:45,509 [klippy_connection.py:_request_initial_subscriptions()] - Webhooks Subscribed
2023-11-24 13:29:45,511 [klippy_connection.py:_request_initial_subscriptions()] - GCode Output Subscribed
2023-11-24 13:29:45,758 [job_state.py:_handle_started()] - Job state initialized: standby
2023-11-24 13:29:46,027 [klippy_connection.py:_check_ready()] - Klippy ready
2023-11-24 13:29:46,393 [shell_command.py:_check_proc_success()] - Command (git -C /home/pi/klipper-backup fetch origin --prune --progress) successfully finished
2023-11-24 13:29:46,416 [shell_command.py:_check_proc_success()] - Command (git -C /home/pi/klipper-backup merge-base --is-ancestor HEAD origin/main) successfully finished
2023-11-24 13:29:46,440 [shell_command.py:_check_proc_success()] - Command (git -C /home/pi/klipper-backup rev-parse HEAD) successfully finished
2023-11-24 13:29:46,463 [shell_command.py:_check_proc_success()] - Command (git -C /home/pi/klipper-backup describe --always --tags --long --dirty --abbrev=8) successfully finished
2023-11-24 13:29:46,482 [shell_command.py:_check_proc_success()] - Command (git -C /home/pi/klipper-backup rev-parse origin/main) successfully finished
2023-11-24 13:29:46,506 [shell_command.py:_check_proc_success()] - Command (git -C /home/pi/klipper-backup describe origin/main --always --tags --long --abbrev=8) successfully finished
2023-11-24 13:29:46,520 [data_store.py:_init_sensors()] - Configuring available sensors: ['heater_bed', 'extruder']
2023-11-24 13:29:46,524 [shell_command.py:_check_proc_success()] - Command (git -C /home/pi/klipper-backup rev-list HEAD..7694ff3019a3494cd996326acb2c02e26c230442 --count) successfully finished
2023-11-24 13:29:46,524 [git_deploy.py:log_repo_info()] - Git Repo klipper-backup Detected:
Owner: Staubgeborener
Repository Name: klipper-backup
Path: /home/pi/klipper-backup
Remote: origin
Branch: main
Remote URL: https://github.com/Staubgeborener/klipper-backup
Recovery URL: https://github.com/Staubgeborener/klipper-backup
Current Commit SHA: 7694ff3019a3494cd996326acb2c02e26c230442
Upstream Commit SHA: 7694ff3019a3494cd996326acb2c02e26c230442
Current Version: 0.3.6-1-g7694ff30-dirty
Upstream Version: 0.3.6-1-g7694ff30
Rollback Commit: 7694ff3019a3494cd996326acb2c02e26c230442
Rollback Branch: main
Rollback Version: 0.3.6-1-g7694ff30-dirty
Is Dirty: True
Is Detached: False
Is Shallow: False
Commits Behind Count: 0
Diverged: False
Repo Warnings:
  Repo is dirty.  Detected the following modifed files: ['README.md', 'install.sh']
2023-11-24 13:29:46,525 [base_deploy.py:log_info()] - Git Repo klipper-backup: Channel: dev
2023-11-24 13:29:46,525 [base_deploy.py:log_info()] - Git Repo klipper-backup: Repo validation check failed, updates disabled
2023-11-24 13:29:54,326 [authorization.py:_check_trusted_connection()] - Trusted Connection Detected, IP: 192.168.50.156
2023-11-24 13:29:54,330 [app.py:log_request()] - 101 GET /websocket (192.168.50.156) [_TRUSTED_USER_] 7.73ms
2023-11-24 13:29:54,331 [websockets.py:open()] - Websocket Opened: ID: 1727979088, Proxied: True, User Agent: Mozilla/5.0 (Windows NT 10.0; Win64; x64) AppleWebKit/537.36 (KHTML, like Gecko) Chrome/119.0.0.0 Safari/537.36 Edg/119.0.0.0, Host Name: ender3.local
2023-11-24 13:29:54,422 [websockets.py:_handle_identify()] - Websocket 1727979088 Client Identified - Name: mainsail, Version: 2.8.0, Type: web
2023-11-24 13:49:22,909 [klippy_connection.py:_on_connection_closed()] - Klippy Connection Removed
2023-11-24 13:49:24,173 [klippy_connection.py:_do_connect()] - Klippy Connection Established
2023-11-24 13:49:27,171 [klippy_connection.py:_request_initial_subscriptions()] - Webhooks Subscribed
2023-11-24 13:49:27,174 [klippy_connection.py:_request_initial_subscriptions()] - GCode Output Subscribed
2023-11-24 13:49:27,422 [job_state.py:_handle_started()] - Job state initialized: standby
2023-11-24 13:49:27,696 [klippy_connection.py:_check_ready()] - Klippy ready
2023-11-24 13:49:28,188 [data_store.py:_init_sensors()] - Configuring available sensors: ['heater_bed', 'extruder']
2023-11-24 13:51:00,949 [base_deploy.py:log_info()] - Git Repo klipper-backup: No packages found in script: /home/pi/klipper-backup/install.sh
2023-11-24 13:51:01,002 [shell_command.py:_check_proc_success()] - Command (git -C /home/pi/klipper-backup merge-base --is-ancestor 7694ff3019a3494cd996326acb2c02e26c230442 origin/main) successfully finished
2023-11-24 13:51:01,029 [shell_command.py:_check_proc_success()] - Command (git -C /home/pi/klipper-backup checkout -q -- .) successfully finished
2023-11-24 13:51:01,058 [shell_command.py:_check_proc_success()] - Command (git -C /home/pi/klipper-backup checkout -q main) successfully finished
2023-11-24 13:51:01,084 [shell_command.py:_check_proc_success()] - Command (git -C /home/pi/klipper-backup reset --hard 7694ff3019a3494cd996326acb2c02e26c230442) successfully finished
2023-11-24 13:51:01,102 [shell_command.py:_check_proc_success()] - Command (git -C /home/pi/klipper-backup status --porcelain -b) successfully finished
2023-11-24 13:51:01,132 [shell_command.py:_check_proc_success()] - Command (git -C /home/pi/klipper-backup branch --list --no-color) successfully finished
2023-11-24 13:51:01,163 [shell_command.py:_check_proc_success()] - Command (git -C /home/pi/klipper-backup remote get-url origin) successfully finished
2023-11-24 13:51:01,972 [shell_command.py:_check_proc_success()] - Command (git -C /home/pi/klipper-backup fetch origin --prune --progress) successfully finished
2023-11-24 13:51:01,998 [shell_command.py:_check_proc_success()] - Command (git -C /home/pi/klipper-backup merge-base --is-ancestor HEAD origin/main) successfully finished
2023-11-24 13:51:02,018 [shell_command.py:_check_proc_success()] - Command (git -C /home/pi/klipper-backup rev-parse HEAD) successfully finished
2023-11-24 13:51:02,046 [shell_command.py:_check_proc_success()] - Command (git -C /home/pi/klipper-backup describe --always --tags --long --dirty --abbrev=8) successfully finished
2023-11-24 13:51:02,066 [shell_command.py:_check_proc_success()] - Command (git -C /home/pi/klipper-backup rev-parse origin/main) successfully finished
2023-11-24 13:51:02,089 [shell_command.py:_check_proc_success()] - Command (git -C /home/pi/klipper-backup describe origin/main --always --tags --long --abbrev=8) successfully finished
2023-11-24 13:51:02,105 [shell_command.py:_check_proc_success()] - Command (git -C /home/pi/klipper-backup rev-list HEAD..7694ff3019a3494cd996326acb2c02e26c230442 --count) successfully finished
2023-11-24 13:51:02,106 [git_deploy.py:log_repo_info()] - Git Repo klipper-backup Detected:
Owner: Staubgeborener
Repository Name: klipper-backup
Path: /home/pi/klipper-backup
Remote: origin
Branch: main
Remote URL: https://github.com/Staubgeborener/klipper-backup
Recovery URL: https://github.com/Staubgeborener/klipper-backup
Current Commit SHA: 7694ff3019a3494cd996326acb2c02e26c230442
Upstream Commit SHA: 7694ff3019a3494cd996326acb2c02e26c230442
Current Version: 0.3.6-1-g7694ff30
Upstream Version: 0.3.6-1-g7694ff30
Rollback Commit: 7694ff3019a3494cd996326acb2c02e26c230442
Rollback Branch: main
Rollback Version: 0.3.6-1-g7694ff30-dirty
Is Dirty: False
Is Detached: False
Is Shallow: False
Commits Behind Count: 0
Diverged: False
2023-11-24 13:51:02,106 [base_deploy.py:log_info()] - Git Repo klipper-backup: Channel: dev
2023-11-24 13:51:02,107 [base_deploy.py:log_info()] - Git Repo klipper-backup: Validity check for git repo passed
2023-11-24 13:51:02,110 [base_deploy.py:log_info()] - Git Repo klipper-backup: No packages found in script: /home/pi/klipper-backup/install.sh
